#
# A fatal error has been detected by the Java Runtime Environment:
#
#  SIGSEGV (0xb) at pc=0x00007fe5b04f0e1b, pid=15290, tid=140624086939392
#
# JRE version: Java(TM) SE Runtime Environment (8.0_65-b17) (build 1.8.0_65-b17)
# Java VM: Java HotSpot(TM) 64-Bit Server VM (25.65-b01 mixed mode linux-amd64 compressed oops)
# Problematic frame:
# V  [libjvm.so+0x68de1b]  java_lang_Class::signers(oopDesc*)+0x1b
#
# Failed to write core dump. Core dumps have been disabled. To enable core dumping, try "ulimit -c unlimited" before starting Java again
#
# If you would like to submit a bug report, please visit:
#   http://bugreport.java.com/bugreport/crash.jsp
#

---------------  T H R E A D  ---------------

Current thread (0x00007fe5a8072800):  VMThread [stack: 0x00007fe598afb000,0x00007fe598bfc000] [id=15298]

siginfo: si_signo: 11 (SIGSEGV), si_code: 1 (SEGV_MAPERR), si_addr: 0x0000000000000040

Registers:
RAX=0x0000000000000040, RBX=0x00007fe573abf3e0, RCX=0x00007fe572ebc010, RDX=0x0000000000000000
RSP=0x00007fe598bfaa40, RBP=0x00007fe598bfaa40, RSI=0x0000000000000000, RDI=0x0000000000000000
R8 =0x0000000000000000, R9 =0x0000000000000016, R10=0x00007fe5b185fa10, R11=0x00007fe5b0fa6dd0
R12=0x00007fe5b047d750, R13=0x00000001000ecbe8, R14=0x00007fe598bfaa5c, R15=0x00007fe573abf350
RIP=0x00007fe5b04f0e1b, EFLAGS=0x0000000000010246, CSGSFS=0x0000000000000033, ERR=0x0000000000000004
  TRAPNO=0x000000000000000e

Top of Stack: (sp=0x00007fe598bfaa40)
0x00007fe598bfaa40:   00007fe598bfaa80 00007fe5b047d3a2
0x00007fe598bfaa50:   0000000000000000 0100000000000000
0x00007fe598bfaa60:   00000001000ecbe8 00007fe5b047d750
0x00007fe598bfaa70:   00007fe5a8021f70 0000000000000016
0x00007fe598bfaa80:   00007fe598bfaab0 00007fe5b02c9816
0x00007fe598bfaa90:   00007fe5b09854fc 00007fe573abf3e0
0x00007fe598bfaaa0:   00007fe5b09854fc 00007fe5b0e26750
0x00007fe598bfaab0:   00007fe598bfabf0 00007fe5b04807fe
0x00007fe598bfaac0:   00007fe5a80026a0 00007fe598bfabbc
0x00007fe598bfaad0:   00007fe598bfaae0 0000000000000000
0x00007fe598bfaae0:   00007fe5a8072800 00007fe5a8072e80
0x00007fe598bfaaf0:   00007fe5a8072ec0 00007fe5a8072ed0
0x00007fe598bfab00:   00007fe5a8072fa8 00000000000000d8
0x00007fe598bfab10:   00007fe598bfae20 0000000000000000
0x00007fe598bfab20:   00000000ffffffff 00007fe5a8079c38
0x00007fe598bfab30:   000000000000007f 0000000000000002
0x00007fe598bfab40:   0000000000000001 00007fe598bfabc0
0x00007fe598bfab50:   00007fe598bfabf0 0000000000000c00
0x00007fe598bfab60:   0000000000000000 0000000000000000
0x00007fe598bfab70:   00007fe5ffffff00 00007fe5a8008800
0x00007fe598bfab80:   00007fe5b097d301 00007fe5b11dd401
0x00007fe598bfab90:   00007fe5a8008800 00007fe5b0e12b90
0x00007fe598bfaba0:   00007fe5b0db0a80 00007fe573abf3e0
0x00007fe598bfabb0:   00007fe598bfabd0 0800000cb08c2f9b
0x00007fe598bfabc0:   00007fe5b0e02bc2 00007fe573abf350
0x00007fe598bfabd0:   00007fe5a8072060 00007fe5a8022350
0x00007fe598bfabe0:   00000000000003d8 00007fe5a8022738
0x00007fe598bfabf0:   00007fe598bfac40 00007fe5b0925c35
0x00007fe598bfac00:   00000000001a0100 00007fe5a8022360
0x00007fe598bfac10:   00000000001a6909 0000000000000000
0x00007fe598bfac20:   00007fe573abf350 00007fe5a8072060
0x00007fe598bfac30:   00007fe5a8022350 00007fe5b0dcc618 

Instructions: (pc=0x00007fe5b04f0e1b)
0x00007fe5b04f0dfb:   00 00 00 00 00 48 8b 05 41 2f 8d 00 55 8b 15 56
0x00007fe5b04f0e0b:   35 91 00 48 89 e5 80 38 00 74 2a 48 63 c2 31 d2
0x00007fe5b04f0e1b:   8b 0c 07 85 c9 74 12 48 8b 05 8f fd 8c 00 89 ca
0x00007fe5b04f0e2b:   8b 48 08 48 d3 e2 48 03 10 48 89 d0 c9 c3 0f 1f 

Register to memory mapping:

RAX=0x0000000000000040 is an unknown value
RBX=0x00007fe573abf3e0 is pointing into the stack for thread: 0x00007fe564005000
RCX=0x00007fe572ebc010 is an unknown value
RDX=0x0000000000000000 is an unknown value
RSP=0x00007fe598bfaa40 is an unknown value
RBP=0x00007fe598bfaa40 is an unknown value
RSI=0x0000000000000000 is an unknown value
RDI=0x0000000000000000 is an unknown value
R8 =0x0000000000000000 is an unknown value
R9 =0x0000000000000016 is an unknown value
R10=0x00007fe5b185fa10 is an unknown value
R11=0x00007fe5b0fa6dd0: <offset 0x169dd0> in /lib64/libc.so.6 at 0x00007fe5b0e3d000
R12=0x00007fe5b047d750: <offset 0x61a750> in /home/arne/jdk1.8.0_65/jre/lib/amd64/server/libjvm.so at 0x00007fe5afe63000
R13=0x00000001000ecbe8 is pointing into metadata
R14=0x00007fe598bfaa5c is an unknown value
R15=0x00007fe573abf350 is pointing into the stack for thread: 0x00007fe564005000


Stack: [0x00007fe598afb000,0x00007fe598bfc000],  sp=0x00007fe598bfaa40,  free space=1022k
Native frames: (J=compiled Java code, j=interpreted, Vv=VM code, C=native code)
V  [libjvm.so+0x68de1b]  java_lang_Class::signers(oopDesc*)+0x1b
V  [libjvm.so+0x61a3a2]  DumperSupport::dump_class_and_array_classes(DumpWriter*, Klass*)+0xb2
V  [libjvm.so+0x466816]  ClassLoaderDataGraph::classes_do(void (*)(Klass*))+0x36
V  [libjvm.so+0x61d7fe]  VM_HeapDumper::doit()+0x23e
V  [libjvm.so+0xac2c35]  VM_Operation::evaluate()+0x55
V  [libjvm.so+0xac100a]  VMThread::evaluate_operation(VM_Operation*)+0xba
V  [libjvm.so+0xac138e]  VMThread::loop()+0x1ce
V  [libjvm.so+0xac1800]  VMThread::run()+0x70
V  [libjvm.so+0x91cb88]  java_start(Thread*)+0x108

VM_Operation (0x00007fe573abf350): HeapDumper, mode: safepoint, requested by thread 0x00007fe564005000


---------------  P R O C E S S  ---------------

Java Threads: ( => current thread )
  0x00007fe5a8253000 JavaThread "Service Thread" daemon [_thread_blocked, id=15317, stack(0x00007fe5737be000,0x00007fe5738bf000)]
  0x00007fe5a8250800 JavaThread "C1 CompilerThread1" daemon [_thread_blocked, id=15316, stack(0x00007fe5738bf000,0x00007fe5739c0000)]
  0x00007fe5a824f800 JavaThread "C2 CompilerThread0" daemon [_thread_blocked, id=15315, stack(0x00007fe5980ad000,0x00007fe5981ae000)]
  0x00007fe564005000 JavaThread "*** Profiler Agent Special Execution Thread 10" daemon [_thread_blocked, id=15312, stack(0x00007fe5739c0000,0x00007fe573ac1000)]
  0x00007fe5a8257800 JavaThread "*** Profiler Agent Special Execution Thread 6" daemon [_thread_blocked, id=15307, stack(0x00007fe5981ae000,0x00007fe5982af000)]
  0x00007fe5a819a000 JavaThread "*** JFluid Monitor thread ***" daemon [_thread_blocked, id=15306, stack(0x00007fe5982af000,0x00007fe5983b0000)]
  0x00007fe5a8245000 JavaThread "*** Profiler Agent Communication Thread" daemon [_thread_in_native, id=15304, stack(0x00007fe5985c7000,0x00007fe5986c8000)]
  0x00007fe5a8179800 JavaThread "Signal Dispatcher" daemon [_thread_blocked, id=15301, stack(0x00007fe5986c8000,0x00007fe5987c9000)]
  0x00007fe5a8091000 JavaThread "Finalizer" daemon [_thread_blocked, id=15300, stack(0x00007fe5988f9000,0x00007fe5989fa000)]
  0x00007fe5a808e000 JavaThread "Reference Handler" daemon [_thread_blocked, id=15299, stack(0x00007fe5989fa000,0x00007fe598afb000)]
  0x00007fe5a8008800 JavaThread "main" [_thread_blocked, id=15293, stack(0x00007fe5b1913000,0x00007fe5b1a14000)]

Other Threads:
=>0x00007fe5a8072800 VMThread [stack: 0x00007fe598afb000,0x00007fe598bfc000] [id=15298]
  0x00007fe5a8402800 WatcherThread [stack: 0x00007fe5736bd000,0x00007fe5737be000] [id=15318]

VM state:at safepoint (normal execution)

VM Mutex/Monitor currently owned by a thread:  ([mutex/lock_event])
[0x00007fe5a8007280] Threads_lock - owner thread: 0x00007fe5a8072800
[0x00007fe5a8007780] Heap_lock - owner thread: 0x00007fe564005000

Heap:
 PSYoungGen      total 171008K, used 85503K [0x00000000f0580000, 0x0000000100000000, 0x0000000100000000)
  eden space 85504K, 99% used [0x00000000f0580000,0x00000000f58ffff8,0x00000000f5900000)
  from space 85504K, 0% used [0x00000000fac80000,0x00000000fac80000,0x0000000100000000)
  to   space 85504K, 0% used [0x00000000f5900000,0x00000000f5900000,0x00000000fac80000)
 ParOldGen       total 513536K, used 513283K [0x00000000d1000000, 0x00000000f0580000, 0x00000000f0580000)
  object space 513536K, 99% used [0x00000000d1000000,0x00000000f0540e28,0x00000000f0580000)
 Metaspace       used 7707K, capacity 7870K, committed 8192K, reserved 1056768K
  class space    used 882K, capacity 957K, committed 1024K, reserved 1048576K

Card table byte_map: [0x00007fe5aecc1000,0x00007fe5aee3a000] byte_map_base: 0x00007fe5ae639000

Marking Bits: (ParMarkBitMap*) 0x00007fe5b0e11de0
 Begin Bits: [0x00007fe5ad244000, 0x00007fe5ade04000)
 End Bits:   [0x00007fe5ade04000, 0x00007fe5ae9c4000)

Polling page: 0x00007fe5b1a39000

CodeCache: size=245760Kb used=2307Kb max_used=2317Kb free=243452Kb
 bounds [0x00007fe599000000, 0x00007fe599270000, 0x00007fe5a8000000]
 total_blobs=776 nmethods=440 adapters=252
 compilation: enabled

Compilation events (10 events):
Event: 39.366 Thread 0x00007fe5a824f800  539       4       java.nio.ByteBuffer::array (35 bytes)
Event: 39.367 Thread 0x00007fe5a824f800 nmethod 539 0x00007fe59919f7d0 code [0x00007fe59919f920, 0x00007fe59919f9b8]
Event: 47.443 Thread 0x00007fe5a8250800  540  s    3       java.util.Vector::get (23 bytes)
Event: 47.444 Thread 0x00007fe5a8250800 nmethod 540 0x00007fe599153750 code [0x00007fe5991538e0, 0x00007fe599153d88]
Event: 47.446 Thread 0x00007fe5a8250800  541       3       java.io.Bits::putLong (86 bytes)
Event: 47.446 Thread 0x00007fe5a8250800 nmethod 541 0x00007fe59921b510 code [0x00007fe59921b680, 0x00007fe59921b910]
Event: 50.062 Thread 0x00007fe5a8250800  542       3       java.io.ObjectOutputStream$BlockDataOutputStream::drain (45 bytes)
Event: 50.062 Thread 0x00007fe5a8250800 nmethod 542 0x00007fe599130810 code [0x00007fe5991309a0, 0x00007fe599130c98]
Event: 166.178 Thread 0x00007fe5a8250800  544       3       java.lang.ref.Reference::access$100 (4 bytes)
Event: 166.178 Thread 0x00007fe5a8250800 nmethod 544 0x00007fe599130510 code [0x00007fe599130660, 0x00007fe599130790]

GC Heap History (10 events):
Event: 152.962 GC heap before
{Heap before GC invocations=69 (full 51):
 PSYoungGen      total 171008K, used 85503K [0x00000000f0580000, 0x0000000100000000, 0x0000000100000000)
  eden space 85504K, 99% used [0x00000000f0580000,0x00000000f58ffff8,0x00000000f5900000)
  from space 85504K, 0% used [0x00000000fac80000,0x00000000fac80000,0x0000000100000000)
  to   space 85504K, 0% used [0x00000000f5900000,0x00000000f5900000,0x00000000fac80000)
 ParOldGen       total 513536K, used 513277K [0x00000000d1000000, 0x00000000f0580000, 0x00000000f0580000)
  object space 513536K, 99% used [0x00000000d1000000,0x00000000f053f4a0,0x00000000f0580000)
 Metaspace       used 7698K, capacity 7870K, committed 8192K, reserved 1056768K
  class space    used 880K, capacity 957K, committed 1024K, reserved 1048576K
Event: 155.721 GC heap after
Heap after GC invocations=69 (full 51):
 PSYoungGen      total 171008K, used 85503K [0x00000000f0580000, 0x0000000100000000, 0x0000000100000000)
  eden space 85504K, 99% used [0x00000000f0580000,0x00000000f58ffff8,0x00000000f5900000)
  from space 85504K, 0% used [0x00000000fac80000,0x00000000fac80000,0x0000000100000000)
  to   space 85504K, 0% used [0x00000000f5900000,0x00000000f5900000,0x00000000fac80000)
 ParOldGen       total 513536K, used 513276K [0x00000000d1000000, 0x00000000f0580000, 0x00000000f0580000)
  object space 513536K, 99% used [0x00000000d1000000,0x00000000f053f3e0,0x00000000f0580000)
 Metaspace       used 7698K, capacity 7870K, committed 8192K, reserved 1056768K
  class space    used 880K, capacity 957K, committed 1024K, reserved 1048576K
}
Event: 155.722 GC heap before
{Heap before GC invocations=70 (full 52):
 PSYoungGen      total 171008K, used 85503K [0x00000000f0580000, 0x0000000100000000, 0x0000000100000000)
  eden space 85504K, 99% used [0x00000000f0580000,0x00000000f58ffff8,0x00000000f5900000)
  from space 85504K, 0% used [0x00000000fac80000,0x00000000fac80000,0x0000000100000000)
  to   space 85504K, 0% used [0x00000000f5900000,0x00000000f5900000,0x00000000fac80000)
 ParOldGen       total 513536K, used 513278K [0x00000000d1000000, 0x00000000f0580000, 0x00000000f0580000)
  object space 513536K, 99% used [0x00000000d1000000,0x00000000f053fad0,0x00000000f0580000)
 Metaspace       used 7698K, capacity 7870K, committed 8192K, reserved 1056768K
  class space    used 880K, capacity 957K, committed 1024K, reserved 1048576K
Event: 158.347 GC heap after
Heap after GC invocations=70 (full 52):
 PSYoungGen      total 171008K, used 85503K [0x00000000f0580000, 0x0000000100000000, 0x0000000100000000)
  eden space 85504K, 99% used [0x00000000f0580000,0x00000000f58ffff8,0x00000000f5900000)
  from space 85504K, 0% used [0x00000000fac80000,0x00000000fac80000,0x0000000100000000)
  to   space 85504K, 0% used [0x00000000f5900000,0x00000000f5900000,0x00000000fac80000)
 ParOldGen       total 513536K, used 513278K [0x00000000d1000000, 0x00000000f0580000, 0x00000000f0580000)
  object space 513536K, 99% used [0x00000000d1000000,0x00000000f053fad0,0x00000000f0580000)
 Metaspace       used 7698K, capacity 7870K, committed 8192K, reserved 1056768K
  class space    used 880K, capacity 957K, committed 1024K, reserved 1048576K
}
Event: 158.348 GC heap before
{Heap before GC invocations=71 (full 53):
 PSYoungGen      total 171008K, used 85503K [0x00000000f0580000, 0x0000000100000000, 0x0000000100000000)
  eden space 85504K, 99% used [0x00000000f0580000,0x00000000f58ffff8,0x00000000f5900000)
  from space 85504K, 0% used [0x00000000fac80000,0x00000000fac80000,0x0000000100000000)
  to   space 85504K, 0% used [0x00000000f5900000,0x00000000f5900000,0x00000000fac80000)
 ParOldGen       total 513536K, used 513280K [0x00000000d1000000, 0x00000000f0580000, 0x00000000f0580000)
  object space 513536K, 99% used [0x00000000d1000000,0x00000000f05403d0,0x00000000f0580000)
 Metaspace       used 7698K, capacity 7870K, committed 8192K, reserved 1056768K
  class space    used 880K, capacity 957K, committed 1024K, reserved 1048576K
Event: 160.961 GC heap after
Heap after GC invocations=71 (full 53):
 PSYoungGen      total 171008K, used 85503K [0x00000000f0580000, 0x0000000100000000, 0x0000000100000000)
  eden space 85504K, 99% used [0x00000000f0580000,0x00000000f58fffe0,0x00000000f5900000)
  from space 85504K, 0% used [0x00000000fac80000,0x00000000fac80000,0x0000000100000000)
  to   space 85504K, 0% used [0x00000000f5900000,0x00000000f5900000,0x00000000fac80000)
 ParOldGen       total 513536K, used 513280K [0x00000000d1000000, 0x00000000f0580000, 0x00000000f0580000)
  object space 513536K, 99% used [0x00000000d1000000,0x00000000f05402c0,0x00000000f0580000)
 Metaspace       used 7698K, capacity 7870K, committed 8192K, reserved 1056768K
  class space    used 880K, capacity 957K, committed 1024K, reserved 1048576K
}
Event: 160.961 GC heap before
{Heap before GC invocations=72 (full 54):
 PSYoungGen      total 171008K, used 85503K [0x00000000f0580000, 0x0000000100000000, 0x0000000100000000)
  eden space 85504K, 99% used [0x00000000f0580000,0x00000000f58ffff8,0x00000000f5900000)
  from space 85504K, 0% used [0x00000000fac80000,0x00000000fac80000,0x0000000100000000)
  to   space 85504K, 0% used [0x00000000f5900000,0x00000000f5900000,0x00000000fac80000)
 ParOldGen       total 513536K, used 513280K [0x00000000d1000000, 0x00000000f0580000, 0x00000000f0580000)
  object space 513536K, 99% used [0x00000000d1000000,0x00000000f05402c0,0x00000000f0580000)
 Metaspace       used 7698K, capacity 7870K, committed 8192K, reserved 1056768K
  class space    used 880K, capacity 957K, committed 1024K, reserved 1048576K
Event: 163.549 GC heap after
Heap after GC invocations=72 (full 54):
 PSYoungGen      total 171008K, used 85503K [0x00000000f0580000, 0x0000000100000000, 0x0000000100000000)
  eden space 85504K, 99% used [0x00000000f0580000,0x00000000f58ffff8,0x00000000f5900000)
  from space 85504K, 0% used [0x00000000fac80000,0x00000000fac80000,0x0000000100000000)
  to   space 85504K, 0% used [0x00000000f5900000,0x00000000f5900000,0x00000000fac80000)
 ParOldGen       total 513536K, used 513280K [0x00000000d1000000, 0x00000000f0580000, 0x00000000f0580000)
  object space 513536K, 99% used [0x00000000d1000000,0x00000000f05402c0,0x00000000f0580000)
 Metaspace       used 7698K, capacity 7870K, committed 8192K, reserved 1056768K
  class space    used 880K, capacity 957K, committed 1024K, reserved 1048576K
}
Event: 163.549 GC heap before
{Heap before GC invocations=73 (full 55):
 PSYoungGen      total 171008K, used 85503K [0x00000000f0580000, 0x0000000100000000, 0x0000000100000000)
  eden space 85504K, 99% used [0x00000000f0580000,0x00000000f58ffff8,0x00000000f5900000)
  from space 85504K, 0% used [0x00000000fac80000,0x00000000fac80000,0x0000000100000000)
  to   space 85504K, 0% used [0x00000000f5900000,0x00000000f5900000,0x00000000fac80000)
 ParOldGen       total 513536K, used 513282K [0x00000000d1000000, 0x00000000f0580000, 0x00000000f0580000)
  object space 513536K, 99% used [0x00000000d1000000,0x00000000f05409b8,0x00000000f0580000)
 Metaspace       used 7698K, capacity 7870K, committed 8192K, reserved 1056768K
  class space    used 880K, capacity 957K, committed 1024K, reserved 1048576K
Event: 166.177 GC heap after
Heap after GC invocations=73 (full 55):
 PSYoungGen      total 171008K, used 85503K [0x00000000f0580000, 0x0000000100000000, 0x0000000100000000)
  eden space 85504K, 99% used [0x00000000f0580000,0x00000000f58ffff8,0x00000000f5900000)
  from space 85504K, 0% used [0x00000000fac80000,0x00000000fac80000,0x0000000100000000)
  to   space 85504K, 0% used [0x00000000f5900000,0x00000000f5900000,0x00000000fac80000)
 ParOldGen       total 513536K, used 513282K [0x00000000d1000000, 0x00000000f0580000, 0x00000000f0580000)
  object space 513536K, 99% used [0x00000000d1000000,0x00000000f05409b8,0x00000000f0580000)
 Metaspace       used 7698K, capacity 7870K, committed 8192K, reserved 1056768K
  class space    used 880K, capacity 957K, committed 1024K, reserved 1048576K
}

Deoptimization events (10 events):
Event: 5.102 Thread 0x00007fe5a8008800 Uncommon trap: reason=unstable_if action=reinterpret pc=0x00007fe59919fa0c method=java.lang.String.split(Ljava/lang/String;I)[Ljava/lang/String; @ 8
Event: 6.127 Thread 0x00007fe5a8008800 Uncommon trap: reason=unstable_if action=reinterpret pc=0x00007fe5991bc800 method=java.util.regex.Pattern$BmpCharProperty.match(Ljava/util/regex/Matcher;ILjava/lang/CharSequence;)Z @ 5
Event: 6.180 Thread 0x00007fe5a8008800 Uncommon trap: reason=unstable_if action=reinterpret pc=0x00007fe599194e20 method=java.util.regex.Pattern$BmpCharProperty.match(Ljava/util/regex/Matcher;ILjava/lang/CharSequence;)Z @ 5
Event: 6.230 Thread 0x00007fe5a8008800 Uncommon trap: reason=speculate_class_check action=maybe_recompile pc=0x00007fe599173900 method=java.util.HashMap.putVal(ILjava/lang/Object;Ljava/lang/Object;ZZ)Ljava/lang/Object; @ 152
Event: 6.230 Thread 0x00007fe5a8008800 Uncommon trap: reason=speculate_class_check action=maybe_recompile pc=0x00007fe599173900 method=java.util.HashMap.putVal(ILjava/lang/Object;Ljava/lang/Object;ZZ)Ljava/lang/Object; @ 152
Event: 7.839 Thread 0x00007fe5a8008800 Uncommon trap: reason=unstable_if action=reinterpret pc=0x00007fe599157194 method=java.util.HashMap.getNode(ILjava/lang/Object;)Ljava/util/HashMap$Node; @ 129
Event: 7.846 Thread 0x00007fe5a8008800 Uncommon trap: reason=unstable_if action=reinterpret pc=0x00007fe599135f38 method=java.util.HashMap.getNode(ILjava/lang/Object;)Ljava/util/HashMap$Node; @ 129
Event: 21.290 Thread 0x00007fe5a8008800 Uncommon trap: reason=unstable_if action=reinterpret pc=0x00007fe5991ff4ec method=java.util.HashMap.putVal(ILjava/lang/Object;Ljava/lang/Object;ZZ)Ljava/lang/Object; @ 162
Event: 21.351 Thread 0x00007fe5a8008800 Uncommon trap: reason=unstable_if action=reinterpret pc=0x00007fe5991690f0 method=java.util.HashMap.getNode(ILjava/lang/Object;)Ljava/util/HashMap$Node; @ 129
Event: 26.854 Thread 0x00007fe5a8008800 Uncommon trap: reason=unstable_if action=reinterpret pc=0x00007fe599188898 method=java.util.HashMap.resize()[Ljava/util/HashMap$Node; @ 206

Internal exceptions (10 events):
Event: 1.284 Thread 0x00007fe5a8008800 Exception <a 'java/lang/ArrayIndexOutOfBoundsException': 60> (0x00000000f077c808) thrown at [/HUDSON/workspace/8-2-build-linux-amd64/jdk8u65/4987/hotspot/src/share/vm/interpreter/interpreterRuntime.cpp, line 366]
Event: 1.286 Thread 0x00007fe5a8008800 Exception <a 'java/lang/ArrayIndexOutOfBoundsException': 71> (0x00000000f077e0c8) thrown at [/HUDSON/workspace/8-2-build-linux-amd64/jdk8u65/4987/hotspot/src/share/vm/interpreter/interpreterRuntime.cpp, line 366]
Event: 1.317 Thread 0x00007fe5a8008800 Exception <a 'java/lang/ArrayIndexOutOfBoundsException': 38> (0x00000000f07a5eb0) thrown at [/HUDSON/workspace/8-2-build-linux-amd64/jdk8u65/4987/hotspot/src/share/vm/interpreter/interpreterRuntime.cpp, line 366]
Event: 1.318 Thread 0x00007fe5a8008800 Exception <a 'java/lang/ArrayIndexOutOfBoundsException': 67> (0x00000000f07a7118) thrown at [/HUDSON/workspace/8-2-build-linux-amd64/jdk8u65/4987/hotspot/src/share/vm/interpreter/interpreterRuntime.cpp, line 366]
Event: 1.319 Thread 0x00007fe5a8008800 Exception <a 'java/lang/ArrayIndexOutOfBoundsException': 55> (0x00000000f07a8740) thrown at [/HUDSON/workspace/8-2-build-linux-amd64/jdk8u65/4987/hotspot/src/share/vm/interpreter/interpreterRuntime.cpp, line 366]
Event: 1.348 Thread 0x00007fe5a8008800 Exception <a 'java/lang/ArrayIndexOutOfBoundsException': 38> (0x00000000f07ce018) thrown at [/HUDSON/workspace/8-2-build-linux-amd64/jdk8u65/4987/hotspot/src/share/vm/interpreter/interpreterRuntime.cpp, line 366]
Event: 1.409 Thread 0x00007fe5a8008800 Exception <a 'java/lang/ArrayIndexOutOfBoundsException': 49> (0x00000000f07ddb00) thrown at [/HUDSON/workspace/8-2-build-linux-amd64/jdk8u65/4987/hotspot/src/share/vm/interpreter/interpreterRuntime.cpp, line 366]
Event: 2.134 Thread 0x00007fe5a8245000 Exception <a 'java/lang/NoSuchFieldError': method resolution failed> (0x00000000f0964fe0) thrown at [/HUDSON/workspace/8-2-build-linux-amd64/jdk8u65/4987/hotspot/src/share/vm/prims/methodHandles.cpp, line 1146]
Event: 2.143 Thread 0x00007fe5a8245000 Exception <a 'java/lang/NoSuchFieldError': method resolution failed> (0x00000000f09727e0) thrown at [/HUDSON/workspace/8-2-build-linux-amd64/jdk8u65/4987/hotspot/src/share/vm/prims/methodHandles.cpp, line 1146]
Event: 166.177 Thread 0x00007fe5a8008800 Exception <a 'java/lang/OutOfMemoryError'> (0x00000000d121bdd0) thrown at [/HUDSON/workspace/8-2-build-linux-amd64/jdk8u65/4987/hotspot/src/share/vm/gc_interface/collectedHeap.inline.hpp, line 170]

Events (10 events):
Event: 163.549 Executing VM operation: ParallelGCFailedAllocation
Event: 166.177 Executing VM operation: ParallelGCFailedAllocation done
Event: 166.177 Thread 0x00007fe5a8008800 DEOPT PACKING pc=0x00007fe5992428a0 sp=0x00007fe5b1a126e0
Event: 166.177 Thread 0x00007fe5a8008800 DEOPT UNPACKING pc=0x00007fe599046f73 sp=0x00007fe5b1a12370 mode 1
Event: 166.178 loading class java/lang/Throwable$WrappedPrintStream
Event: 166.178 loading class java/lang/Throwable$PrintStreamOrWriter
Event: 166.178 loading class java/lang/Throwable$PrintStreamOrWriter done
Event: 166.178 loading class java/lang/Throwable$WrappedPrintStream done
Event: 166.178 loading class java/util/IdentityHashMap$KeySet
Event: 166.178 Executing VM operation: HeapDumper


Dynamic libraries:
00400000-00401000 r-xp 00000000 08:06 142255499                          /home/arne/jdk1.8.0_65/bin/java
00600000-00601000 rw-p 00000000 08:06 142255499                          /home/arne/jdk1.8.0_65/bin/java
01f6e000-01f8f000 rw-p 00000000 00:00 0                                  [heap]
d1000000-f0580000 rw-p 00000000 00:00 0 
f0580000-100000000 rw-p 00000000 00:00 0 
100000000-100100000 rw-p 00000000 00:00 0 
100100000-140000000 ---p 00000000 00:00 0 
7fe55c000000-7fe55c15f000 rw-p 00000000 00:00 0 
7fe55c15f000-7fe560000000 ---p 00000000 00:00 0 
7fe560000000-7fe560021000 rw-p 00000000 00:00 0 
7fe560021000-7fe564000000 ---p 00000000 00:00 0 
7fe564000000-7fe564291000 rw-p 00000000 00:00 0 
7fe564291000-7fe568000000 ---p 00000000 00:00 0 
7fe568000000-7fe5686f3000 rw-p 00000000 00:00 0 
7fe5686f3000-7fe56c000000 ---p 00000000 00:00 0 
7fe56c000000-7fe56c021000 rw-p 00000000 00:00 0 
7fe56c021000-7fe570000000 ---p 00000000 00:00 0 
7fe572ebc000-7fe5736bd000 rw-p 00000000 00:00 0 
7fe5736bd000-7fe5736be000 ---p 00000000 00:00 0 
7fe5736be000-7fe5737be000 rw-p 00000000 00:00 0                          [stack:15318]
7fe5737be000-7fe5737c1000 ---p 00000000 00:00 0 
7fe5737c1000-7fe5738bf000 rw-p 00000000 00:00 0                          [stack:15317]
7fe5738bf000-7fe5738c2000 ---p 00000000 00:00 0 
7fe5738c2000-7fe5739c0000 rw-p 00000000 00:00 0                          [stack:15316]
7fe5739c0000-7fe5739c3000 ---p 00000000 00:00 0 
7fe5739c3000-7fe573ac1000 rw-p 00000000 00:00 0                          [stack:15312]
7fe573ac1000-7fe573be6000 rw-s 00000000 00:2d 59816                      /tmp/jfluidbuf3941766075360258874.tmp
7fe573be6000-7fe573bf7000 r-xp 00000000 08:06 732493                     /home/arne/jdk1.8.0_65/jre/lib/amd64/libnio.so
7fe573bf7000-7fe573df6000 ---p 00011000 08:06 732493                     /home/arne/jdk1.8.0_65/jre/lib/amd64/libnio.so
7fe573df6000-7fe573df7000 rw-p 00010000 08:06 732493                     /home/arne/jdk1.8.0_65/jre/lib/amd64/libnio.so
7fe573df7000-7fe573dff000 r-xp 00000000 08:06 1479                       /home/arne/jdk1.8.0_65/jre/lib/amd64/libmanagement.so
7fe573dff000-7fe573fff000 ---p 00008000 08:06 1479                       /home/arne/jdk1.8.0_65/jre/lib/amd64/libmanagement.so
7fe573fff000-7fe574000000 rw-p 00008000 08:06 1479                       /home/arne/jdk1.8.0_65/jre/lib/amd64/libmanagement.so
7fe574000000-7fe574021000 rw-p 00000000 00:00 0 
7fe574021000-7fe578000000 ---p 00000000 00:00 0 
7fe578000000-7fe578021000 rw-p 00000000 00:00 0 
7fe578021000-7fe57c000000 ---p 00000000 00:00 0 
7fe57c000000-7fe57c021000 rw-p 00000000 00:00 0 
7fe57c021000-7fe580000000 ---p 00000000 00:00 0 
7fe580000000-7fe5804b2000 rw-p 00000000 00:00 0 
7fe5804b2000-7fe584000000 ---p 00000000 00:00 0 
7fe584000000-7fe584021000 rw-p 00000000 00:00 0 
7fe584021000-7fe588000000 ---p 00000000 00:00 0 
7fe588000000-7fe588021000 rw-p 00000000 00:00 0 
7fe588021000-7fe58c000000 ---p 00000000 00:00 0 
7fe58c000000-7fe58c021000 rw-p 00000000 00:00 0 
7fe58c021000-7fe590000000 ---p 00000000 00:00 0 
7fe590000000-7fe59090a000 rw-p 00000000 00:00 0 
7fe59090a000-7fe594000000 ---p 00000000 00:00 0 
7fe594000000-7fe594021000 rw-p 00000000 00:00 0 
7fe594021000-7fe598000000 ---p 00000000 00:00 0 
7fe5980ad000-7fe5980b0000 ---p 00000000 00:00 0 
7fe5980b0000-7fe5981ae000 rw-p 00000000 00:00 0                          [stack:15315]
7fe5981ae000-7fe5981b1000 ---p 00000000 00:00 0 
7fe5981b1000-7fe5982af000 rw-p 00000000 00:00 0                          [stack:15307]
7fe5982af000-7fe5982b2000 ---p 00000000 00:00 0 
7fe5982b2000-7fe5983b0000 rw-p 00000000 00:00 0                          [stack:15306]
7fe5983b0000-7fe5983c6000 r-xp 00000000 08:06 732494                     /home/arne/jdk1.8.0_65/jre/lib/amd64/libnet.so
7fe5983c6000-7fe5985c6000 ---p 00016000 08:06 732494                     /home/arne/jdk1.8.0_65/jre/lib/amd64/libnet.so
7fe5985c6000-7fe5985c7000 rw-p 00016000 08:06 732494                     /home/arne/jdk1.8.0_65/jre/lib/amd64/libnet.so
7fe5985c7000-7fe5985ca000 ---p 00000000 00:00 0 
7fe5985ca000-7fe5986c8000 rw-p 00000000 00:00 0                          [stack:15304]
7fe5986c8000-7fe5986cb000 ---p 00000000 00:00 0 
7fe5986cb000-7fe5987c9000 rw-p 00000000 00:00 0                          [stack:15301]
7fe5987c9000-7fe5988f9000 r--p 00000000 00:20 206503                     /usr/lib/locale/en_US.utf8/LC_COLLATE
7fe5988f9000-7fe5988fc000 ---p 00000000 00:00 0 
7fe5988fc000-7fe5989fa000 rw-p 00000000 00:00 0                          [stack:15300]
7fe5989fa000-7fe5989fd000 ---p 00000000 00:00 0 
7fe5989fd000-7fe598afb000 rw-p 00000000 00:00 0                          [stack:15299]
7fe598afb000-7fe598afc000 ---p 00000000 00:00 0 
7fe598afc000-7fe599000000 rw-p 00000000 00:00 0                          [stack:15298]
7fe599000000-7fe599270000 rwxp 00000000 00:00 0 
7fe599270000-7fe5a8000000 ---p 00000000 00:00 0 
7fe5a8000000-7fe5a8445000 rw-p 00000000 00:00 0 
7fe5a8445000-7fe5ac000000 ---p 00000000 00:00 0 
7fe5ac019000-7fe5ac01c000 ---p 00000000 00:00 0 
7fe5ac01c000-7fe5ac052000 rw-p 00000000 00:00 0 
7fe5ac052000-7fe5ac057000 r--s 00096000 08:06 201604208                  /home/arne/jdk1.8.0_65/jre/lib/jsse.jar
7fe5ac057000-7fe5ac088000 rw-p 00000000 00:00 0 
7fe5ac088000-7fe5ac0c7000 r--p 00000000 00:20 206504                     /usr/lib/locale/en_US.utf8/LC_CTYPE
7fe5ac0c7000-7fe5ac67e000 rw-p 00000000 00:00 0 
7fe5ac67e000-7fe5ac856000 r--s 03d20000 08:06 201604226                  /home/arne/jdk1.8.0_65/jre/lib/rt.jar
7fe5ac856000-7fe5acfcc000 rw-p 00000000 00:00 0 
7fe5acfcc000-7fe5ad0cc000 ---p 00000000 00:00 0 
7fe5ad0cc000-7fe5ae9c4000 rw-p 00000000 00:00 0 
7fe5ae9c4000-7fe5ae9c5000 ---p 00000000 00:00 0 
7fe5ae9c5000-7fe5aeac5000 rw-p 00000000 00:00 0                          [stack:15297]
7fe5aeac5000-7fe5aeac6000 ---p 00000000 00:00 0 
7fe5aeac6000-7fe5aecc1000 rw-p 00000000 00:00 0                          [stack:15296]
7fe5aecc1000-7fe5aedbb000 rw-p 00000000 00:00 0 
7fe5aedbb000-7fe5aee39000 rw-p 00000000 00:00 0 
7fe5aee39000-7fe5aee44000 rw-p 00000000 00:00 0 
7fe5aee44000-7fe5af1fa000 ---p 00000000 00:00 0 
7fe5af1fa000-7fe5af214000 r-xp 00000000 08:06 732492                     /home/arne/jdk1.8.0_65/jre/lib/amd64/libzip.so
7fe5af214000-7fe5af414000 ---p 0001a000 08:06 732492                     /home/arne/jdk1.8.0_65/jre/lib/amd64/libzip.so
7fe5af414000-7fe5af415000 rw-p 0001a000 08:06 732492                     /home/arne/jdk1.8.0_65/jre/lib/amd64/libzip.so
7fe5af415000-7fe5af41e000 r-xp 00000000 08:06 303123                     /home/arne/netbeans-8.0.2/profiler/lib/deployed/jdk16/linux-amd64/libprofilerinterface.so
7fe5af41e000-7fe5af51e000 ---p 00009000 08:06 303123                     /home/arne/netbeans-8.0.2/profiler/lib/deployed/jdk16/linux-amd64/libprofilerinterface.so
7fe5af51e000-7fe5af51f000 rw-p 00009000 08:06 303123                     /home/arne/netbeans-8.0.2/profiler/lib/deployed/jdk16/linux-amd64/libprofilerinterface.so
7fe5af51f000-7fe5af549000 r-xp 00000000 08:06 732485                     /home/arne/jdk1.8.0_65/jre/lib/amd64/libjava.so
7fe5af549000-7fe5af749000 ---p 0002a000 08:06 732485                     /home/arne/jdk1.8.0_65/jre/lib/amd64/libjava.so
7fe5af749000-7fe5af74b000 rw-p 0002a000 08:06 732485                     /home/arne/jdk1.8.0_65/jre/lib/amd64/libjava.so
7fe5af74b000-7fe5af758000 r-xp 00000000 08:06 1524                       /home/arne/jdk1.8.0_65/jre/lib/amd64/libverify.so
7fe5af758000-7fe5af958000 ---p 0000d000 08:06 1524                       /home/arne/jdk1.8.0_65/jre/lib/amd64/libverify.so
7fe5af958000-7fe5af95a000 rw-p 0000d000 08:06 1524                       /home/arne/jdk1.8.0_65/jre/lib/amd64/libverify.so
7fe5af95a000-7fe5af961000 r-xp 00000000 00:20 189722                     /lib64/librt-2.19.so
7fe5af961000-7fe5afb60000 ---p 00007000 00:20 189722                     /lib64/librt-2.19.so
7fe5afb60000-7fe5afb61000 r--p 00006000 00:20 189722                     /lib64/librt-2.19.so
7fe5afb61000-7fe5afb62000 rw-p 00007000 00:20 189722                     /lib64/librt-2.19.so
7fe5afb62000-7fe5afc62000 r-xp 00000000 00:20 189698                     /lib64/libm-2.19.so
7fe5afc62000-7fe5afe61000 ---p 00100000 00:20 189698                     /lib64/libm-2.19.so
7fe5afe61000-7fe5afe62000 r--p 000ff000 00:20 189698                     /lib64/libm-2.19.so
7fe5afe62000-7fe5afe63000 rw-p 00100000 00:20 189698                     /lib64/libm-2.19.so
7fe5afe63000-7fe5b0b21000 r-xp 00000000 08:06 1474                       /home/arne/jdk1.8.0_65/jre/lib/amd64/server/libjvm.so
7fe5b0b21000-7fe5b0d20000 ---p 00cbe000 08:06 1474                       /home/arne/jdk1.8.0_65/jre/lib/amd64/server/libjvm.so
7fe5b0d20000-7fe5b0df8000 rw-p 00cbd000 08:06 1474                       /home/arne/jdk1.8.0_65/jre/lib/amd64/server/libjvm.so
7fe5b0df8000-7fe5b0e3d000 rw-p 00000000 00:00 0 
7fe5b0e3d000-7fe5b0fdb000 r-xp 00000000 00:20 189690                     /lib64/libc-2.19.so
7fe5b0fdb000-7fe5b11da000 ---p 0019e000 00:20 189690                     /lib64/libc-2.19.so
7fe5b11da000-7fe5b11de000 r--p 0019d000 00:20 189690                     /lib64/libc-2.19.so
7fe5b11de000-7fe5b11e0000 rw-p 001a1000 00:20 189690                     /lib64/libc-2.19.so
7fe5b11e0000-7fe5b11e4000 rw-p 00000000 00:00 0 
7fe5b11e4000-7fe5b11e7000 r-xp 00000000 00:20 189696                     /lib64/libdl-2.19.so
7fe5b11e7000-7fe5b13e6000 ---p 00003000 00:20 189696                     /lib64/libdl-2.19.so
7fe5b13e6000-7fe5b13e7000 r--p 00002000 00:20 189696                     /lib64/libdl-2.19.so
7fe5b13e7000-7fe5b13e8000 rw-p 00003000 00:20 189696                     /lib64/libdl-2.19.so
7fe5b13e8000-7fe5b13fd000 r-xp 00000000 08:06 201601607                  /home/arne/jdk1.8.0_65/lib/amd64/jli/libjli.so
7fe5b13fd000-7fe5b15fd000 ---p 00015000 08:06 201601607                  /home/arne/jdk1.8.0_65/lib/amd64/jli/libjli.so
7fe5b15fd000-7fe5b15fe000 rw-p 00015000 08:06 201601607                  /home/arne/jdk1.8.0_65/lib/amd64/jli/libjli.so
7fe5b15fe000-7fe5b1616000 r-xp 00000000 00:20 189718                     /lib64/libpthread-2.19.so
7fe5b1616000-7fe5b1815000 ---p 00018000 00:20 189718                     /lib64/libpthread-2.19.so
7fe5b1815000-7fe5b1816000 r--p 00017000 00:20 189718                     /lib64/libpthread-2.19.so
7fe5b1816000-7fe5b1817000 rw-p 00018000 00:20 189718                     /lib64/libpthread-2.19.so
7fe5b1817000-7fe5b181b000 rw-p 00000000 00:00 0 
7fe5b181b000-7fe5b183b000 r-xp 00000000 00:20 189683                     /lib64/ld-2.19.so
7fe5b183e000-7fe5b183f000 rw-p 00000000 00:00 0 
7fe5b183f000-7fe5b1849000 r--s 000e7000 08:06 207360570                  /home/arne/Lib/mysql-connector-java-5.1.38-bin.jar
7fe5b1849000-7fe5b184c000 r--s 0001d000 08:06 68265940                   /home/arne/Lib/commons-cli-2.0.jar
7fe5b184c000-7fe5b184d000 r--s 00004000 08:06 67487868                   /home/arne/netbeans-8.0.2/profiler/lib/jfluid-server-15.jar
7fe5b184d000-7fe5b184e000 r--s 00004000 08:06 67487868                   /home/arne/netbeans-8.0.2/profiler/lib/jfluid-server-15.jar
7fe5b184e000-7fe5b1852000 r--s 0005f000 08:06 67487869                   /home/arne/netbeans-8.0.2/profiler/lib/jfluid-server.jar
7fe5b1852000-7fe5b1853000 r--p 00000000 00:20 206525                     /usr/lib/locale/en_US.utf8/LC_NUMERIC
7fe5b1853000-7fe5b1854000 r--p 00000000 00:20 204613                     /usr/lib/locale/en_US.utf8/LC_TIME
7fe5b1854000-7fe5b1855000 r--p 00000000 00:20 204612                     /usr/lib/locale/en_US.utf8/LC_MONETARY
7fe5b1855000-7fe5b1856000 r--p 00000000 00:20 206747                     /usr/lib/locale/en_US.utf8/LC_MESSAGES/SYS_LC_MESSAGES
7fe5b1856000-7fe5b1857000 r--p 00000000 00:20 206700                     /usr/lib/locale/en_US.utf8/LC_PAPER
7fe5b1857000-7fe5b1858000 r--p 00000000 00:20 206647                     /usr/lib/locale/en_US.utf8/LC_NAME
7fe5b1858000-7fe5b1859000 r--p 00000000 00:20 204610                     /usr/lib/locale/en_US.utf8/LC_ADDRESS
7fe5b1859000-7fe5b185a000 r--p 00000000 00:20 206748                     /usr/lib/locale/en_US.utf8/LC_TELEPHONE
7fe5b185a000-7fe5b185b000 r--p 00000000 00:20 206746                     /usr/lib/locale/en_US.utf8/LC_MEASUREMENT
7fe5b185b000-7fe5b18de000 rw-p 00000000 00:00 0 
7fe5b18de000-7fe5b1913000 r--s 00000000 00:11 16490                      /run/nscd/passwd
7fe5b1913000-7fe5b1916000 ---p 00000000 00:00 0 
7fe5b1916000-7fe5b1a18000 rw-p 00000000 00:00 0                          [stack:15293]
7fe5b1a18000-7fe5b1a1f000 r--s 00000000 00:20 206911                     /usr/lib64/gconv/gconv-modules.cache
7fe5b1a1f000-7fe5b1a20000 r--p 00000000 00:20 204611                     /usr/lib/locale/en_US.utf8/LC_IDENTIFICATION
7fe5b1a20000-7fe5b1a2f000 rw-p 00000000 00:00 0 
7fe5b1a2f000-7fe5b1a37000 rw-s 00000000 00:2d 59815                      /tmp/hsperfdata_arne/15290
7fe5b1a37000-7fe5b1a39000 rw-p 00000000 00:00 0 
7fe5b1a39000-7fe5b1a3a000 ---p 00000000 00:00 0 
7fe5b1a3a000-7fe5b1a3b000 rw-p 00000000 00:00 0 
7fe5b1a3b000-7fe5b1a3c000 r--p 00020000 00:20 189683                     /lib64/ld-2.19.so
7fe5b1a3c000-7fe5b1a3d000 rw-p 00021000 00:20 189683                     /lib64/ld-2.19.so
7fe5b1a3d000-7fe5b1a3e000 rw-p 00000000 00:00 0 
7ffd1f598000-7ffd1f5b9000 rw-p 00000000 00:00 0                          [stack]
7ffd1f5e5000-7ffd1f5e7000 r-xp 00000000 00:00 0                          [vdso]
7ffd1f5e7000-7ffd1f5e9000 r--p 00000000 00:00 0                          [vvar]
ffffffffff600000-ffffffffff601000 r-xp 00000000 00:00 0                  [vsyscall]

VM Arguments:
jvm_args: -Dfile.encoding=UTF-8 -agentpath:/home/arne/netbeans-8.0.2/profiler/lib/deployed/jdk16/linux-amd64/libprofilerinterface.so=/home/arne/netbeans-8.0.2/profiler/lib,5140,10 -XX:+HeapDumpOnOutOfMemoryError -XX:HeapDumpPath=/home/arne/NetBeansProjects/ProQu/nbproject/private/profiler 
java_command: proqu.ProQu -p /home/arne/Documents/ProteinDatabases/uniprot_human_new.fasta -s /home/arne/Documents/COPD1/ -c /home/arne/Documents/COPD1/ -a 4 -f /home/arne/Documents/ProteinDatabases/useast_homo_sapiens_core_84_38_dump.tsv -g -m 3 -d 1 -e 6
java_class_path (initial): /home/arne/Lib/commons-cli-2.0.jar:/home/arne/Lib/mysql-connector-java-5.1.38-bin.jar:/home/arne/NetBeansProjects/ProteinDigester/build/classes:/home/arne/NetBeansProjects/ProQu/build/classes
Launcher Type: SUN_STANDARD

Environment Variables:
JAVA_HOME=/usr/lib64/jvm/java-1.7.0-openjdk-1.7.0
JRE_HOME=/usr/lib64/jvm/java/jre
PATH=/home/arne/bin:/usr/local/bin:/usr/bin:/bin:/usr/bin/X11:/usr/games:/usr/lib64/jvm/java-1.7.0-openjdk-1.7.0/bin:/usr/lib64/jvm/java-1.7.0-openjdk-1.7.0/bin
LD_LIBRARY_PATH=/home/arne/jdk1.8.0_65/jre/lib/amd64:/home/arne/jdk1.8.0_65/jre/lib/i386:
SHELL=/bin/bash
DISPLAY=:0
HOSTTYPE=x86_64
OSTYPE=linux
MACHTYPE=x86_64-suse-linux

Signal Handlers:
SIGSEGV: [libjvm.so+0xaba070], sa_mask[0]=11111111011111111101111111111110, sa_flags=SA_RESTART|SA_SIGINFO
SIGBUS: [libjvm.so+0xaba070], sa_mask[0]=11111111011111111101111111111110, sa_flags=SA_RESTART|SA_SIGINFO
SIGFPE: [libjvm.so+0x917630], sa_mask[0]=11111111011111111101111111111110, sa_flags=SA_RESTART|SA_SIGINFO
SIGPIPE: [libjvm.so+0x917630], sa_mask[0]=11111111011111111101111111111110, sa_flags=SA_RESTART|SA_SIGINFO
SIGXFSZ: [libjvm.so+0x917630], sa_mask[0]=11111111011111111101111111111110, sa_flags=SA_RESTART|SA_SIGINFO
SIGILL: [libjvm.so+0x917630], sa_mask[0]=11111111011111111101111111111110, sa_flags=SA_RESTART|SA_SIGINFO
SIGUSR1: SIG_DFL, sa_mask[0]=00000000000000000000000000000000, sa_flags=none
SIGUSR2: [libjvm.so+0x918c60], sa_mask[0]=00100000000000000000000000000000, sa_flags=SA_RESTART|SA_SIGINFO
SIGHUP: [libjvm.so+0x91a060], sa_mask[0]=11111111011111111101111111111110, sa_flags=SA_RESTART|SA_SIGINFO
SIGINT: SIG_IGN, sa_mask[0]=00000000000000000000000000000000, sa_flags=none
SIGTERM: [libjvm.so+0x91a060], sa_mask[0]=11111111011111111101111111111110, sa_flags=SA_RESTART|SA_SIGINFO
SIGQUIT: [libjvm.so+0x91a060], sa_mask[0]=11111111011111111101111111111110, sa_flags=SA_RESTART|SA_SIGINFO


---------------  S Y S T E M  ---------------

OS:openSUSE 13.2 (x86_64)
VERSION = 13.2
CODENAME = Harlequin
# /etc/SuSE-release is deprecated and will be removed in the future, use /etc/os-release instead

uname:Linux 3.16.7-32-desktop #1 SMP PREEMPT Wed Jan 20 14:05:33 UTC 2016 (d4df98a) x86_64
libc:glibc 2.19 NPTL 2.19 
rlimit: STACK 8192k, CORE 0k, NPROC 11976, NOFILE 4096, AS infinity
load average:1.99 1.60 1.20

/proc/meminfo:
MemTotal:        3079584 kB
MemFree:          311524 kB
MemAvailable:     773872 kB
Buffers:               8 kB
Cached:           690048 kB
SwapCached:        30612 kB
Active:          1901044 kB
Inactive:         689876 kB
Active(anon):    1618956 kB
Inactive(anon):   427928 kB
Active(file):     282088 kB
Inactive(file):   261948 kB
Unevictable:          80 kB
Mlocked:              80 kB
SwapTotal:       6289404 kB
SwapFree:        5962324 kB
Dirty:               260 kB
Writeback:             0 kB
AnonPages:       1894596 kB
Mapped:            94596 kB
Shmem:            146020 kB
Slab:              93032 kB
SReclaimable:      61872 kB
SUnreclaim:        31160 kB
KernelStack:        5488 kB
PageTables:        27124 kB
NFS_Unstable:          0 kB
Bounce:                0 kB
WritebackTmp:          0 kB
CommitLimit:     7829196 kB
Committed_AS:    3524504 kB
VmallocTotal:   34359738367 kB
VmallocUsed:      357024 kB
VmallocChunk:   34359369728 kB
HardwareCorrupted:     0 kB
AnonHugePages:    714752 kB
HugePages_Total:       0
HugePages_Free:        0
HugePages_Rsvd:        0
HugePages_Surp:        0
Hugepagesize:       2048 kB
DirectMap4k:       83652 kB
DirectMap2M:     3053568 kB


CPU:total 2 (2 cores per cpu, 1 threads per core) family 6 model 15 stepping 2, cmov, cx8, fxsr, mmx, sse, sse2, sse3, ssse3, tsc

/proc/cpuinfo:
processor	: 0
vendor_id	: GenuineIntel
cpu family	: 6
model		: 15
model name	: Genuine Intel(R) CPU            2160  @ 1.80GHz
stepping	: 2
microcode	: 0x5d
cpu MHz		: 1800.000
cache size	: 1024 KB
physical id	: 0
siblings	: 2
core id		: 0
cpu cores	: 2
apicid		: 0
initial apicid	: 0
fpu		: yes
fpu_exception	: yes
cpuid level	: 10
wp		: yes
flags		: fpu vme de pse tsc msr pae mce cx8 apic sep mtrr pge mca cmov pat pse36 clflush dts acpi mmx fxsr sse sse2 ss ht tm pbe syscall nx lm constant_tsc arch_perfmon pebs bts rep_good nopl aperfmperf pni dtes64 monitor ds_cpl est tm2 ssse3 cx16 xtpr pdcm lahf_lm dtherm
bogomips	: 3591.07
clflush size	: 64
cache_alignment	: 64
address sizes	: 36 bits physical, 48 bits virtual
power management:

processor	: 1
vendor_id	: GenuineIntel
cpu family	: 6
model		: 15
model name	: Genuine Intel(R) CPU            2160  @ 1.80GHz
stepping	: 2
microcode	: 0x5d
cpu MHz		: 1200.000
cache size	: 1024 KB
physical id	: 0
siblings	: 2
core id		: 1
cpu cores	: 2
apicid		: 1
initial apicid	: 1
fpu		: yes
fpu_exception	: yes
cpuid level	: 10
wp		: yes
flags		: fpu vme de pse tsc msr pae mce cx8 apic sep mtrr pge mca cmov pat pse36 clflush dts acpi mmx fxsr sse sse2 ss ht tm pbe syscall nx lm constant_tsc arch_perfmon pebs bts rep_good nopl aperfmperf pni dtes64 monitor ds_cpl est tm2 ssse3 cx16 xtpr pdcm lahf_lm dtherm
bogomips	: 3591.07
clflush size	: 64
cache_alignment	: 64
address sizes	: 36 bits physical, 48 bits virtual
power management:



Memory: 4k page, physical 3079584k(311524k free), swap 6289404k(5962324k free)

vm_info: Java HotSpot(TM) 64-Bit Server VM (25.65-b01) for linux-amd64 JRE (1.8.0_65-b17), built on Oct  6 2015 17:16:12 by "java_re" with gcc 4.3.0 20080428 (Red Hat 4.3.0-8)

time: Thu Apr  7 10:43:02 2016
elapsed time: 166 seconds (0d 0h 2m 46s)

