#
# A fatal error has been detected by the Java Runtime Environment:
#
#  SIGSEGV (0xb) at pc=0x00007fef58997e1b, pid=15617, tid=140665565873920
#
# JRE version: Java(TM) SE Runtime Environment (8.0_65-b17) (build 1.8.0_65-b17)
# Java VM: Java HotSpot(TM) 64-Bit Server VM (25.65-b01 mixed mode linux-amd64 compressed oops)
# Problematic frame:
# V  [libjvm.so+0x68de1b]  java_lang_Class::signers(oopDesc*)+0x1b
#
# Failed to write core dump. Core dumps have been disabled. To enable core dumping, try "ulimit -c unlimited" before starting Java again
#
# If you would like to submit a bug report, please visit:
#   http://bugreport.java.com/bugreport/crash.jsp
#

---------------  T H R E A D  ---------------

Current thread (0x00007fef54072800):  VMThread [stack: 0x00007fef41060000,0x00007fef41161000] [id=15625]

siginfo: si_signo: 11 (SIGSEGV), si_code: 1 (SEGV_MAPERR), si_addr: 0x0000000000000040

Registers:
RAX=0x0000000000000040, RBX=0x00007fef59eb9580, RCX=0x00007fef133fb010, RDX=0x0000000000000000
RSP=0x00007fef4115f8c0, RBP=0x00007fef4115f8c0, RSI=0x0000000000000000, RDI=0x0000000000000000
R8 =0x0000000000000000, R9 =0x0000000000000014, R10=0x00007fef59d06a10, R11=0x00007fef5944ddd0
R12=0x00007fef58924750, R13=0x00000001000ec520, R14=0x00007fef4115f8dc, R15=0x00007fef59eb94f0
RIP=0x00007fef58997e1b, EFLAGS=0x0000000000010246, CSGSFS=0x0000000000000033, ERR=0x0000000000000004
  TRAPNO=0x000000000000000e

Top of Stack: (sp=0x00007fef4115f8c0)
0x00007fef4115f8c0:   00007fef4115f900 00007fef589243a2
0x00007fef4115f8d0:   0000000000000000 0100000000000000
0x00007fef4115f8e0:   00000001000ec520 00007fef58924750
0x00007fef4115f8f0:   00007fef54021f70 0000000000000014
0x00007fef4115f900:   00007fef4115f930 00007fef58770816
0x00007fef4115f910:   00007fef58e2c4fc 00007fef59eb9580
0x00007fef4115f920:   00007fef58e2c4fc 00007fef592cd750
0x00007fef4115f930:   00007fef4115fa70 00007fef589277fe
0x00007fef4115f940:   00007fef540026a0 00007fef4115fa3c
0x00007fef4115f950:   00007fef4115f960 0000000000000000
0x00007fef4115f960:   00007fef54072800 00007fef54072e80
0x00007fef4115f970:   00007fef54072ec0 00007fef54072ed0
0x00007fef4115f980:   00007fef54072fa8 00000000000000d8
0x00007fef4115f990:   00007fef4115fca0 0000000000000000
0x00007fef4115f9a0:   00000000ffffffff 00007fef54079c38
0x00007fef4115f9b0:   000000000000007f 0000000000000002
0x00007fef4115f9c0:   0000000000000000 00007fef4115fa40
0x00007fef4115f9d0:   00007fef4115fa70 0000000000000c00
0x00007fef4115f9e0:   0000000000000000 0000000000000000
0x00007fef4115f9f0:   00000000ffffff00 00007fef54008800
0x00007fef4115fa00:   00007fef58e24301 00007fef59684401
0x00007fef4115fa10:   00007fef54008800 00007fef592b9b90
0x00007fef4115fa20:   00007fef59257a80 00007fef59eb9580
0x00007fef4115fa30:   00007fef4115fa50 0800000c58d69f9b
0x00007fef4115fa40:   00007fef592a9bc2 00007fef59eb94f0
0x00007fef4115fa50:   00007fef54072060 00007fef54022350
0x00007fef4115fa60:   00000000000003d8 00007fef54022738
0x00007fef4115fa70:   00007fef4115fac0 00007fef58dccc35
0x00007fef4115fa80:   00000000001a0100 00007fef54022360
0x00007fef4115fa90:   00000000001a70a0 00007fef54007380
0x00007fef4115faa0:   00007fef59eb94f0 00007fef54072060
0x00007fef4115fab0:   00007fef54022350 00007fef59273618 

Instructions: (pc=0x00007fef58997e1b)
0x00007fef58997dfb:   00 00 00 00 00 48 8b 05 41 2f 8d 00 55 8b 15 56
0x00007fef58997e0b:   35 91 00 48 89 e5 80 38 00 74 2a 48 63 c2 31 d2
0x00007fef58997e1b:   8b 0c 07 85 c9 74 12 48 8b 05 8f fd 8c 00 89 ca
0x00007fef58997e2b:   8b 48 08 48 d3 e2 48 03 10 48 89 d0 c9 c3 0f 1f 

Register to memory mapping:

RAX=0x0000000000000040 is an unknown value
RBX=0x00007fef59eb9580 is pointing into the stack for thread: 0x00007fef54008800
RCX=0x00007fef133fb010 is an unknown value
RDX=0x0000000000000000 is an unknown value
RSP=0x00007fef4115f8c0 is an unknown value
RBP=0x00007fef4115f8c0 is an unknown value
RSI=0x0000000000000000 is an unknown value
RDI=0x0000000000000000 is an unknown value
R8 =0x0000000000000000 is an unknown value
R9 =0x0000000000000014 is an unknown value
R10=0x00007fef59d06a10 is an unknown value
R11=0x00007fef5944ddd0: <offset 0x169dd0> in /lib64/libc.so.6 at 0x00007fef592e4000
R12=0x00007fef58924750: <offset 0x61a750> in /home/arne/jdk1.8.0_65/jre/lib/amd64/server/libjvm.so at 0x00007fef5830a000
R13=0x00000001000ec520 is pointing into metadata
R14=0x00007fef4115f8dc is an unknown value
R15=0x00007fef59eb94f0 is pointing into the stack for thread: 0x00007fef54008800


Stack: [0x00007fef41060000,0x00007fef41161000],  sp=0x00007fef4115f8c0,  free space=1022k
Native frames: (J=compiled Java code, j=interpreted, Vv=VM code, C=native code)
V  [libjvm.so+0x68de1b]  java_lang_Class::signers(oopDesc*)+0x1b
V  [libjvm.so+0x61a3a2]  DumperSupport::dump_class_and_array_classes(DumpWriter*, Klass*)+0xb2
V  [libjvm.so+0x466816]  ClassLoaderDataGraph::classes_do(void (*)(Klass*))+0x36
V  [libjvm.so+0x61d7fe]  VM_HeapDumper::doit()+0x23e
V  [libjvm.so+0xac2c35]  VM_Operation::evaluate()+0x55
V  [libjvm.so+0xac100a]  VMThread::evaluate_operation(VM_Operation*)+0xba
V  [libjvm.so+0xac138e]  VMThread::loop()+0x1ce
V  [libjvm.so+0xac1800]  VMThread::run()+0x70
V  [libjvm.so+0x91cb88]  java_start(Thread*)+0x108

VM_Operation (0x00007fef59eb94f0): HeapDumper, mode: safepoint, requested by thread 0x00007fef54008800


---------------  P R O C E S S  ---------------

Java Threads: ( => current thread )
  0x00007fef54251000 JavaThread "Service Thread" daemon [_thread_blocked, id=15642, stack(0x00007fef13cfd000,0x00007fef13dfe000)]
  0x00007fef5424e800 JavaThread "C1 CompilerThread1" daemon [_thread_blocked, id=15641, stack(0x00007fef13dfe000,0x00007fef13eff000)]
  0x00007fef5424d800 JavaThread "C2 CompilerThread0" daemon [_thread_blocked, id=15640, stack(0x00007fef40188000,0x00007fef40289000)]
  0x00007fef18005000 JavaThread "*** Profiler Agent Special Execution Thread 10" daemon [_thread_blocked, id=15639, stack(0x00007fef13eff000,0x00007fef14000000)]
  0x00007fef54255800 JavaThread "*** Profiler Agent Special Execution Thread 6" daemon [_thread_blocked, id=15634, stack(0x00007fef406a3000,0x00007fef407a4000)]
  0x00007fef54198000 JavaThread "*** JFluid Monitor thread ***" daemon [_thread_blocked, id=15633, stack(0x00007fef407a4000,0x00007fef408a5000)]
  0x00007fef54243000 JavaThread "*** Profiler Agent Communication Thread" daemon [_thread_blocked, id=15631, stack(0x00007fef40aed000,0x00007fef40bee000)]
  0x00007fef54177800 JavaThread "Signal Dispatcher" daemon [_thread_blocked, id=15630, stack(0x00007fef40bee000,0x00007fef40cef000)]
  0x00007fef54091000 JavaThread "Finalizer" daemon [_thread_blocked, id=15627, stack(0x00007fef40e5e000,0x00007fef40f5f000)]
  0x00007fef5408e000 JavaThread "Reference Handler" daemon [_thread_blocked, id=15626, stack(0x00007fef40f5f000,0x00007fef41060000)]
  0x00007fef54008800 JavaThread "main" [_thread_blocked, id=15621, stack(0x00007fef59dba000,0x00007fef59ebb000)]

Other Threads:
=>0x00007fef54072800 VMThread [stack: 0x00007fef41060000,0x00007fef41161000] [id=15625]
  0x00007fef543fe800 WatcherThread [stack: 0x00007fef13bfc000,0x00007fef13cfd000] [id=15643]

VM state:at safepoint (normal execution)

VM Mutex/Monitor currently owned by a thread:  ([mutex/lock_event])
[0x00007fef54007280] Threads_lock - owner thread: 0x00007fef54072800
[0x00007fef54007780] Heap_lock - owner thread: 0x00007fef54008800

Heap:
 PSYoungGen      total 171008K, used 85503K [0x00000000f0580000, 0x0000000100000000, 0x0000000100000000)
  eden space 85504K, 99% used [0x00000000f0580000,0x00000000f58ffff8,0x00000000f5900000)
  from space 85504K, 0% used [0x00000000fac80000,0x00000000fac80000,0x0000000100000000)
  to   space 85504K, 0% used [0x00000000f5900000,0x00000000f5900000,0x00000000fac80000)
 ParOldGen       total 513536K, used 513325K [0x00000000d1000000, 0x00000000f0580000, 0x00000000f0580000)
  object space 513536K, 99% used [0x00000000d1000000,0x00000000f054b700,0x00000000f0580000)
 Metaspace       used 7685K, capacity 7870K, committed 8192K, reserved 1056768K
  class space    used 880K, capacity 957K, committed 1024K, reserved 1048576K

Card table byte_map: [0x00007fef4415f000,0x00007fef442d8000] byte_map_base: 0x00007fef43ad7000

Marking Bits: (ParMarkBitMap*) 0x00007fef592b8de0
 Begin Bits: [0x00007fef426e2000, 0x00007fef432a2000)
 End Bits:   [0x00007fef432a2000, 0x00007fef43e62000)

Polling page: 0x00007fef59ee0000

CodeCache: size=245760Kb used=2199Kb max_used=2207Kb free=243560Kb
 bounds [0x00007fef44698000, 0x00007fef44908000, 0x00007fef53698000]
 total_blobs=766 nmethods=430 adapters=252
 compilation: enabled

Compilation events (10 events):
Event: 27.703 Thread 0x00007fef5424d800  567       4       java.util.ComparableTimSort::gallopLeft (327 bytes)
Event: 27.707 Thread 0x00007fef5424d800 nmethod 567 0x00007fef44831f90 code [0x00007fef44832100, 0x00007fef44832318]
Event: 27.756 Thread 0x00007fef5424d800  568       4       java.util.ComparableTimSort::ensureCapacity (91 bytes)
Event: 27.757 Thread 0x00007fef5424d800 nmethod 568 0x00007fef44870150 code [0x00007fef448702a0, 0x00007fef44870338]
Event: 30.500 Thread 0x00007fef5424d800  569       4       java.util.ComparableTimSort::mergeLo (656 bytes)
Event: 30.516 Thread 0x00007fef5424d800 nmethod 569 0x00007fef4483da90 code [0x00007fef4483dc00, 0x00007fef4483e278]
Event: 33.930 Thread 0x00007fef5424e800  570       3       java.io.Bits::putLong (86 bytes)
Event: 33.930 Thread 0x00007fef5424e800 nmethod 570 0x00007fef447fde50 code [0x00007fef447fdfc0, 0x00007fef447fe250]
Event: 36.535 Thread 0x00007fef5424e800  571  s    3       java.util.Vector::get (23 bytes)
Event: 36.536 Thread 0x00007fef5424e800 nmethod 571 0x00007fef448349d0 code [0x00007fef44834b60, 0x00007fef44835008]

GC Heap History (10 events):
Event: 121.926 GC heap before
{Heap before GC invocations=73 (full 47):
 PSYoungGen      total 171008K, used 85503K [0x00000000f0580000, 0x0000000100000000, 0x0000000100000000)
  eden space 85504K, 99% used [0x00000000f0580000,0x00000000f58ffff8,0x00000000f5900000)
  from space 85504K, 0% used [0x00000000fac80000,0x00000000fac80000,0x0000000100000000)
  to   space 85504K, 0% used [0x00000000f5900000,0x00000000f5900000,0x00000000fac80000)
 ParOldGen       total 513536K, used 513475K [0x00000000d1000000, 0x00000000f0580000, 0x00000000f0580000)
  object space 513536K, 99% used [0x00000000d1000000,0x00000000f0570fc8,0x00000000f0580000)
 Metaspace       used 7690K, capacity 7880K, committed 8192K, reserved 1056768K
  class space    used 882K, capacity 962K, committed 1024K, reserved 1048576K
Event: 124.153 GC heap after
Heap after GC invocations=73 (full 47):
 PSYoungGen      total 171008K, used 85503K [0x00000000f0580000, 0x0000000100000000, 0x0000000100000000)
  eden space 85504K, 99% used [0x00000000f0580000,0x00000000f58ffff8,0x00000000f5900000)
  from space 85504K, 0% used [0x00000000fac80000,0x00000000fac80000,0x0000000100000000)
  to   space 85504K, 0% used [0x00000000f5900000,0x00000000f5900000,0x00000000fac80000)
 ParOldGen       total 513536K, used 513475K [0x00000000d1000000, 0x00000000f0580000, 0x00000000f0580000)
  object space 513536K, 99% used [0x00000000d1000000,0x00000000f0570fc8,0x00000000f0580000)
 Metaspace       used 7690K, capacity 7880K, committed 8192K, reserved 1056768K
  class space    used 882K, capacity 962K, committed 1024K, reserved 1048576K
}
Event: 124.153 GC heap before
{Heap before GC invocations=74 (full 48):
 PSYoungGen      total 171008K, used 85503K [0x00000000f0580000, 0x0000000100000000, 0x0000000100000000)
  eden space 85504K, 99% used [0x00000000f0580000,0x00000000f58ffff8,0x00000000f5900000)
  from space 85504K, 0% used [0x00000000fac80000,0x00000000fac80000,0x0000000100000000)
  to   space 85504K, 0% used [0x00000000f5900000,0x00000000f5900000,0x00000000fac80000)
 ParOldGen       total 513536K, used 513477K [0x00000000d1000000, 0x00000000f0580000, 0x00000000f0580000)
  object space 513536K, 99% used [0x00000000d1000000,0x00000000f05716c8,0x00000000f0580000)
 Metaspace       used 7690K, capacity 7880K, committed 8192K, reserved 1056768K
  class space    used 882K, capacity 962K, committed 1024K, reserved 1048576K
Event: 126.434 GC heap after
Heap after GC invocations=74 (full 48):
 PSYoungGen      total 171008K, used 85503K [0x00000000f0580000, 0x0000000100000000, 0x0000000100000000)
  eden space 85504K, 99% used [0x00000000f0580000,0x00000000f58ffff8,0x00000000f5900000)
  from space 85504K, 0% used [0x00000000fac80000,0x00000000fac80000,0x0000000100000000)
  to   space 85504K, 0% used [0x00000000f5900000,0x00000000f5900000,0x00000000fac80000)
 ParOldGen       total 513536K, used 513477K [0x00000000d1000000, 0x00000000f0580000, 0x00000000f0580000)
  object space 513536K, 99% used [0x00000000d1000000,0x00000000f05716c8,0x00000000f0580000)
 Metaspace       used 7690K, capacity 7880K, committed 8192K, reserved 1056768K
  class space    used 882K, capacity 962K, committed 1024K, reserved 1048576K
}
Event: 126.435 GC heap before
{Heap before GC invocations=75 (full 49):
 PSYoungGen      total 171008K, used 85503K [0x00000000f0580000, 0x0000000100000000, 0x0000000100000000)
  eden space 85504K, 99% used [0x00000000f0580000,0x00000000f58ffff8,0x00000000f5900000)
  from space 85504K, 0% used [0x00000000fac80000,0x00000000fac80000,0x0000000100000000)
  to   space 85504K, 0% used [0x00000000f5900000,0x00000000f5900000,0x00000000fac80000)
 ParOldGen       total 513536K, used 513479K [0x00000000d1000000, 0x00000000f0580000, 0x00000000f0580000)
  object space 513536K, 99% used [0x00000000d1000000,0x00000000f0571eb8,0x00000000f0580000)
 Metaspace       used 7690K, capacity 7880K, committed 8192K, reserved 1056768K
  class space    used 882K, capacity 962K, committed 1024K, reserved 1048576K
Event: 128.899 GC heap after
Heap after GC invocations=75 (full 49):
 PSYoungGen      total 171008K, used 85503K [0x00000000f0580000, 0x0000000100000000, 0x0000000100000000)
  eden space 85504K, 99% used [0x00000000f0580000,0x00000000f58fffe8,0x00000000f5900000)
  from space 85504K, 0% used [0x00000000fac80000,0x00000000fac80000,0x0000000100000000)
  to   space 85504K, 0% used [0x00000000f5900000,0x00000000f5900000,0x00000000fac80000)
 ParOldGen       total 513536K, used 513479K [0x00000000d1000000, 0x00000000f0580000, 0x00000000f0580000)
  object space 513536K, 99% used [0x00000000d1000000,0x00000000f0571d28,0x00000000f0580000)
 Metaspace       used 7690K, capacity 7880K, committed 8192K, reserved 1056768K
  class space    used 882K, capacity 962K, committed 1024K, reserved 1048576K
}
Event: 128.899 GC heap before
{Heap before GC invocations=76 (full 50):
 PSYoungGen      total 171008K, used 85504K [0x00000000f0580000, 0x0000000100000000, 0x0000000100000000)
  eden space 85504K, 100% used [0x00000000f0580000,0x00000000f5900000,0x00000000f5900000)
  from space 85504K, 0% used [0x00000000fac80000,0x00000000fac80000,0x0000000100000000)
  to   space 85504K, 0% used [0x00000000f5900000,0x00000000f5900000,0x00000000fac80000)
 ParOldGen       total 513536K, used 513481K [0x00000000d1000000, 0x00000000f0580000, 0x00000000f0580000)
  object space 513536K, 99% used [0x00000000d1000000,0x00000000f0572420,0x00000000f0580000)
 Metaspace       used 7690K, capacity 7880K, committed 8192K, reserved 1056768K
  class space    used 882K, capacity 962K, committed 1024K, reserved 1048576K
Event: 131.222 GC heap after
Heap after GC invocations=76 (full 50):
 PSYoungGen      total 171008K, used 85504K [0x00000000f0580000, 0x0000000100000000, 0x0000000100000000)
  eden space 85504K, 100% used [0x00000000f0580000,0x00000000f5900000,0x00000000f5900000)
  from space 85504K, 0% used [0x00000000fac80000,0x00000000fac80000,0x0000000100000000)
  to   space 85504K, 0% used [0x00000000f5900000,0x00000000f5900000,0x00000000fac80000)
 ParOldGen       total 513536K, used 513481K [0x00000000d1000000, 0x00000000f0580000, 0x00000000f0580000)
  object space 513536K, 99% used [0x00000000d1000000,0x00000000f0572420,0x00000000f0580000)
 Metaspace       used 7690K, capacity 7880K, committed 8192K, reserved 1056768K
  class space    used 882K, capacity 962K, committed 1024K, reserved 1048576K
}
Event: 131.223 GC heap before
{Heap before GC invocations=77 (full 51):
 PSYoungGen      total 171008K, used 85504K [0x00000000f0580000, 0x0000000100000000, 0x0000000100000000)
  eden space 85504K, 100% used [0x00000000f0580000,0x00000000f5900000,0x00000000f5900000)
  from space 85504K, 0% used [0x00000000fac80000,0x00000000fac80000,0x0000000100000000)
  to   space 85504K, 0% used [0x00000000f5900000,0x00000000f5900000,0x00000000fac80000)
 ParOldGen       total 513536K, used 513482K [0x00000000d1000000, 0x00000000f0580000, 0x00000000f0580000)
  object space 513536K, 99% used [0x00000000d1000000,0x00000000f0572b18,0x00000000f0580000)
 Metaspace       used 7691K, capacity 7880K, committed 8192K, reserved 1056768K
  class space    used 883K, capacity 962K, committed 1024K, reserved 1048576K
Event: 134.704 GC heap after
Heap after GC invocations=77 (full 51):
 PSYoungGen      total 171008K, used 85503K [0x00000000f0580000, 0x0000000100000000, 0x0000000100000000)
  eden space 85504K, 99% used [0x00000000f0580000,0x00000000f58fffe8,0x00000000f5900000)
  from space 85504K, 0% used [0x00000000fac80000,0x00000000fac80000,0x0000000100000000)
  to   space 85504K, 0% used [0x00000000f5900000,0x00000000f5900000,0x00000000fac80000)
 ParOldGen       total 513536K, used 513325K [0x00000000d1000000, 0x00000000f0580000, 0x00000000f0580000)
  object space 513536K, 99% used [0x00000000d1000000,0x00000000f054b690,0x00000000f0580000)
 Metaspace       used 7685K, capacity 7870K, committed 8192K, reserved 1056768K
  class space    used 880K, capacity 957K, committed 1024K, reserved 1048576K
}

Deoptimization events (10 events):
Event: 12.859 Thread 0x00007fef54008800 Uncommon trap: reason=class_check action=maybe_recompile pc=0x00007fef44803fd8 method=java.util.regex.Pattern$Start.match(Ljava/util/regex/Matcher;ILjava/lang/CharSequence;)Z @ 44
Event: 12.862 Thread 0x00007fef54008800 Uncommon trap: reason=speculate_class_check action=maybe_recompile pc=0x00007fef4483cb64 method=java.util.HashMap.putVal(ILjava/lang/Object;Ljava/lang/Object;ZZ)Ljava/lang/Object; @ 152
Event: 12.862 Thread 0x00007fef54008800 Uncommon trap: reason=speculate_class_check action=maybe_recompile pc=0x00007fef4483cb64 method=java.util.HashMap.putVal(ILjava/lang/Object;Ljava/lang/Object;ZZ)Ljava/lang/Object; @ 152
Event: 12.862 Thread 0x00007fef54008800 Uncommon trap: reason=unstable_if action=reinterpret pc=0x00007fef44846884 method=java.util.regex.Matcher.reset()Ljava/util/regex/Matcher; @ 47
Event: 12.863 Thread 0x00007fef54008800 Uncommon trap: reason=unstable_if action=reinterpret pc=0x00007fef448135fc method=java.util.regex.Matcher.reset()Ljava/util/regex/Matcher; @ 47
Event: 12.869 Thread 0x00007fef54008800 Uncommon trap: reason=class_check action=maybe_recompile pc=0x00007fef44803fd8 method=java.util.regex.Pattern$Start.match(Ljava/util/regex/Matcher;ILjava/lang/CharSequence;)Z @ 44
Event: 12.871 Thread 0x00007fef54008800 Uncommon trap: reason=class_check action=maybe_recompile pc=0x00007fef44803fd8 method=java.util.regex.Pattern$Start.match(Ljava/util/regex/Matcher;ILjava/lang/CharSequence;)Z @ 44
Event: 12.877 Thread 0x00007fef54008800 Uncommon trap: reason=class_check action=maybe_recompile pc=0x00007fef44803fd8 method=java.util.regex.Pattern$Start.match(Ljava/util/regex/Matcher;ILjava/lang/CharSequence;)Z @ 44
Event: 16.258 Thread 0x00007fef18005000 Uncommon trap: reason=unstable_if action=reinterpret pc=0x00007fef448396f8 method=org.netbeans.lib.profiler.server.ProfilerRuntimeSampler$Sampling.sample()V @ 204
Event: 131.223 Thread 0x00007fef54177800 Uncommon trap: reason=unstable_if action=reinterpret pc=0x00007fef447ccb84 method=java.lang.Integer.equals(Ljava/lang/Object;)Z @ 18

Internal exceptions (10 events):
Event: 0.740 Thread 0x00007fef54008800 Exception <a 'java/lang/ArrayIndexOutOfBoundsException': 60> (0x00000000f077c808) thrown at [/HUDSON/workspace/8-2-build-linux-amd64/jdk8u65/4987/hotspot/src/share/vm/interpreter/interpreterRuntime.cpp, line 366]
Event: 0.742 Thread 0x00007fef54008800 Exception <a 'java/lang/ArrayIndexOutOfBoundsException': 71> (0x00000000f077e0c8) thrown at [/HUDSON/workspace/8-2-build-linux-amd64/jdk8u65/4987/hotspot/src/share/vm/interpreter/interpreterRuntime.cpp, line 366]
Event: 0.765 Thread 0x00007fef54008800 Exception <a 'java/lang/ArrayIndexOutOfBoundsException': 38> (0x00000000f07a5eb0) thrown at [/HUDSON/workspace/8-2-build-linux-amd64/jdk8u65/4987/hotspot/src/share/vm/interpreter/interpreterRuntime.cpp, line 366]
Event: 0.766 Thread 0x00007fef54008800 Exception <a 'java/lang/ArrayIndexOutOfBoundsException': 67> (0x00000000f07a7118) thrown at [/HUDSON/workspace/8-2-build-linux-amd64/jdk8u65/4987/hotspot/src/share/vm/interpreter/interpreterRuntime.cpp, line 366]
Event: 0.767 Thread 0x00007fef54008800 Exception <a 'java/lang/ArrayIndexOutOfBoundsException': 55> (0x00000000f07a8740) thrown at [/HUDSON/workspace/8-2-build-linux-amd64/jdk8u65/4987/hotspot/src/share/vm/interpreter/interpreterRuntime.cpp, line 366]
Event: 0.788 Thread 0x00007fef54008800 Exception <a 'java/lang/ArrayIndexOutOfBoundsException': 38> (0x00000000f07ce018) thrown at [/HUDSON/workspace/8-2-build-linux-amd64/jdk8u65/4987/hotspot/src/share/vm/interpreter/interpreterRuntime.cpp, line 366]
Event: 0.800 Thread 0x00007fef54008800 Exception <a 'java/lang/ArrayIndexOutOfBoundsException': 49> (0x00000000f07ddb00) thrown at [/HUDSON/workspace/8-2-build-linux-amd64/jdk8u65/4987/hotspot/src/share/vm/interpreter/interpreterRuntime.cpp, line 366]
Event: 1.252 Thread 0x00007fef54243000 Exception <a 'java/lang/NoSuchFieldError': method resolution failed> (0x00000000f0965408) thrown at [/HUDSON/workspace/8-2-build-linux-amd64/jdk8u65/4987/hotspot/src/share/vm/prims/methodHandles.cpp, line 1146]
Event: 1.259 Thread 0x00007fef54243000 Exception <a 'java/lang/NoSuchFieldError': method resolution failed> (0x00000000f0972c08) thrown at [/HUDSON/workspace/8-2-build-linux-amd64/jdk8u65/4987/hotspot/src/share/vm/prims/methodHandles.cpp, line 1146]
Event: 12.848 Thread 0x00007fef54008800 Implicit null exception at 0x00007fef44870f75 to 0x00007fef44871f4d

Events (10 events):
Event: 128.899 Executing VM operation: ParallelGCFailedAllocation done
Event: 128.899 Executing VM operation: ParallelGCFailedAllocation
Event: 131.222 Executing VM operation: ParallelGCFailedAllocation done
Event: 131.223 Thread 0x00007fef54177800 Uncommon trap: trap_request=0xffffff65 fr.pc=0x00007fef447ccb84
Event: 131.223 Thread 0x00007fef54177800 DEOPT PACKING pc=0x00007fef447ccb84 sp=0x00007fef40ced5e0
Event: 131.223 Thread 0x00007fef54177800 DEOPT UNPACKING pc=0x00007fef4469cf69 sp=0x00007fef40ced5a0 mode 2
Event: 131.223 loading class sun/misc/Signal$1
Event: 131.223 Executing VM operation: ParallelGCFailedAllocation
Event: 134.704 Executing VM operation: ParallelGCFailedAllocation done
Event: 134.704 Executing VM operation: HeapDumper


Dynamic libraries:
00400000-00401000 r-xp 00000000 08:06 142255499                          /home/arne/jdk1.8.0_65/bin/java
00600000-00601000 rw-p 00000000 08:06 142255499                          /home/arne/jdk1.8.0_65/bin/java
010bd000-010de000 rw-p 00000000 00:00 0                                  [heap]
d1000000-f0580000 rw-p 00000000 00:00 0 
f0580000-100000000 rw-p 00000000 00:00 0 
100000000-100100000 rw-p 00000000 00:00 0 
100100000-140000000 ---p 00000000 00:00 0 
7fef04000000-7fef04204000 rw-p 00000000 00:00 0 
7fef04204000-7fef08000000 ---p 00000000 00:00 0 
7fef08000000-7fef08021000 rw-p 00000000 00:00 0 
7fef08021000-7fef0c000000 ---p 00000000 00:00 0 
7fef0c000000-7fef0c8e9000 rw-p 00000000 00:00 0 
7fef0c8e9000-7fef10000000 ---p 00000000 00:00 0 
7fef133fb000-7fef13bfc000 rw-p 00000000 00:00 0 
7fef13bfc000-7fef13bfd000 ---p 00000000 00:00 0 
7fef13bfd000-7fef13cfd000 rw-p 00000000 00:00 0                          [stack:15643]
7fef13cfd000-7fef13d00000 ---p 00000000 00:00 0 
7fef13d00000-7fef13dfe000 rw-p 00000000 00:00 0                          [stack:15642]
7fef13dfe000-7fef13e01000 ---p 00000000 00:00 0 
7fef13e01000-7fef13eff000 rw-p 00000000 00:00 0                          [stack:15641]
7fef13eff000-7fef13f02000 ---p 00000000 00:00 0 
7fef13f02000-7fef14000000 rw-p 00000000 00:00 0                          [stack:15639]
7fef14000000-7fef14021000 rw-p 00000000 00:00 0 
7fef14021000-7fef18000000 ---p 00000000 00:00 0 
7fef18000000-7fef18293000 rw-p 00000000 00:00 0 
7fef18293000-7fef1c000000 ---p 00000000 00:00 0 
7fef1c000000-7fef1c021000 rw-p 00000000 00:00 0 
7fef1c021000-7fef20000000 ---p 00000000 00:00 0 
7fef20000000-7fef20021000 rw-p 00000000 00:00 0 
7fef20021000-7fef24000000 ---p 00000000 00:00 0 
7fef24000000-7fef24021000 rw-p 00000000 00:00 0 
7fef24021000-7fef28000000 ---p 00000000 00:00 0 
7fef28000000-7fef284b2000 rw-p 00000000 00:00 0 
7fef284b2000-7fef2c000000 ---p 00000000 00:00 0 
7fef2c000000-7fef2c021000 rw-p 00000000 00:00 0 
7fef2c021000-7fef30000000 ---p 00000000 00:00 0 
7fef30000000-7fef30021000 rw-p 00000000 00:00 0 
7fef30021000-7fef34000000 ---p 00000000 00:00 0 
7fef34000000-7fef34021000 rw-p 00000000 00:00 0 
7fef34021000-7fef38000000 ---p 00000000 00:00 0 
7fef38000000-7fef38688000 rw-p 00000000 00:00 0 
7fef38688000-7fef3c000000 ---p 00000000 00:00 0 
7fef3c000000-7fef3c021000 rw-p 00000000 00:00 0 
7fef3c021000-7fef40000000 ---p 00000000 00:00 0 
7fef4002a000-7fef4014f000 rw-s 00000000 00:2d 59845                      /tmp/jfluidbuf8462742868862329131.tmp
7fef4014f000-7fef40152000 ---p 00000000 00:00 0 
7fef40152000-7fef40188000 rw-p 00000000 00:00 0 
7fef40188000-7fef4018b000 ---p 00000000 00:00 0 
7fef4018b000-7fef40289000 rw-p 00000000 00:00 0                          [stack:15640]
7fef40289000-7fef4029a000 r-xp 00000000 08:06 732493                     /home/arne/jdk1.8.0_65/jre/lib/amd64/libnio.so
7fef4029a000-7fef40499000 ---p 00011000 08:06 732493                     /home/arne/jdk1.8.0_65/jre/lib/amd64/libnio.so
7fef40499000-7fef4049a000 rw-p 00010000 08:06 732493                     /home/arne/jdk1.8.0_65/jre/lib/amd64/libnio.so
7fef4049a000-7fef404a2000 r-xp 00000000 08:06 1479                       /home/arne/jdk1.8.0_65/jre/lib/amd64/libmanagement.so
7fef404a2000-7fef406a2000 ---p 00008000 08:06 1479                       /home/arne/jdk1.8.0_65/jre/lib/amd64/libmanagement.so
7fef406a2000-7fef406a3000 rw-p 00008000 08:06 1479                       /home/arne/jdk1.8.0_65/jre/lib/amd64/libmanagement.so
7fef406a3000-7fef406a6000 ---p 00000000 00:00 0 
7fef406a6000-7fef407a4000 rw-p 00000000 00:00 0                          [stack:15634]
7fef407a4000-7fef407a7000 ---p 00000000 00:00 0 
7fef407a7000-7fef408d6000 rw-p 00000000 00:00 0                          [stack:15633]
7fef408d6000-7fef408ec000 r-xp 00000000 08:06 732494                     /home/arne/jdk1.8.0_65/jre/lib/amd64/libnet.so
7fef408ec000-7fef40aec000 ---p 00016000 08:06 732494                     /home/arne/jdk1.8.0_65/jre/lib/amd64/libnet.so
7fef40aec000-7fef40aed000 rw-p 00016000 08:06 732494                     /home/arne/jdk1.8.0_65/jre/lib/amd64/libnet.so
7fef40aed000-7fef40af0000 ---p 00000000 00:00 0 
7fef40af0000-7fef40bee000 rw-p 00000000 00:00 0                          [stack:15631]
7fef40bee000-7fef40bf1000 ---p 00000000 00:00 0 
7fef40bf1000-7fef40cef000 rw-p 00000000 00:00 0                          [stack:15630]
7fef40cef000-7fef40d2e000 r--p 00000000 00:20 206504                     /usr/lib/locale/en_US.utf8/LC_CTYPE
7fef40d2e000-7fef40e5e000 r--p 00000000 00:20 206503                     /usr/lib/locale/en_US.utf8/LC_COLLATE
7fef40e5e000-7fef40e61000 ---p 00000000 00:00 0 
7fef40e61000-7fef40f5f000 rw-p 00000000 00:00 0                          [stack:15627]
7fef40f5f000-7fef40f62000 ---p 00000000 00:00 0 
7fef40f62000-7fef41060000 rw-p 00000000 00:00 0                          [stack:15626]
7fef41060000-7fef41061000 ---p 00000000 00:00 0 
7fef41061000-7fef41b1c000 rw-p 00000000 00:00 0                          [stack:15625]
7fef41b1c000-7fef41cf4000 r--s 03d20000 08:06 201604226                  /home/arne/jdk1.8.0_65/jre/lib/rt.jar
7fef41cf4000-7fef4246a000 rw-p 00000000 00:00 0 
7fef4246a000-7fef4256a000 ---p 00000000 00:00 0 
7fef4256a000-7fef43e62000 rw-p 00000000 00:00 0 
7fef43e62000-7fef43e63000 ---p 00000000 00:00 0 
7fef43e63000-7fef43f63000 rw-p 00000000 00:00 0                          [stack:15624]
7fef43f63000-7fef43f64000 ---p 00000000 00:00 0 
7fef43f64000-7fef4415f000 rw-p 00000000 00:00 0                          [stack:15623]
7fef4415f000-7fef44259000 rw-p 00000000 00:00 0 
7fef44259000-7fef442d7000 rw-p 00000000 00:00 0 
7fef442d7000-7fef442e2000 rw-p 00000000 00:00 0 
7fef442e2000-7fef44698000 ---p 00000000 00:00 0 
7fef44698000-7fef44908000 rwxp 00000000 00:00 0 
7fef44908000-7fef53698000 ---p 00000000 00:00 0 
7fef53698000-7fef536b2000 r-xp 00000000 08:06 732492                     /home/arne/jdk1.8.0_65/jre/lib/amd64/libzip.so
7fef536b2000-7fef538b2000 ---p 0001a000 08:06 732492                     /home/arne/jdk1.8.0_65/jre/lib/amd64/libzip.so
7fef538b2000-7fef538b3000 rw-p 0001a000 08:06 732492                     /home/arne/jdk1.8.0_65/jre/lib/amd64/libzip.so
7fef538b3000-7fef538bc000 r-xp 00000000 08:06 303123                     /home/arne/netbeans-8.0.2/profiler/lib/deployed/jdk16/linux-amd64/libprofilerinterface.so
7fef538bc000-7fef539bc000 ---p 00009000 08:06 303123                     /home/arne/netbeans-8.0.2/profiler/lib/deployed/jdk16/linux-amd64/libprofilerinterface.so
7fef539bc000-7fef539bd000 rw-p 00009000 08:06 303123                     /home/arne/netbeans-8.0.2/profiler/lib/deployed/jdk16/linux-amd64/libprofilerinterface.so
7fef539bd000-7fef539e7000 r-xp 00000000 08:06 732485                     /home/arne/jdk1.8.0_65/jre/lib/amd64/libjava.so
7fef539e7000-7fef53be7000 ---p 0002a000 08:06 732485                     /home/arne/jdk1.8.0_65/jre/lib/amd64/libjava.so
7fef53be7000-7fef53be9000 rw-p 0002a000 08:06 732485                     /home/arne/jdk1.8.0_65/jre/lib/amd64/libjava.so
7fef53be9000-7fef53bf6000 r-xp 00000000 08:06 1524                       /home/arne/jdk1.8.0_65/jre/lib/amd64/libverify.so
7fef53bf6000-7fef53df6000 ---p 0000d000 08:06 1524                       /home/arne/jdk1.8.0_65/jre/lib/amd64/libverify.so
7fef53df6000-7fef53df8000 rw-p 0000d000 08:06 1524                       /home/arne/jdk1.8.0_65/jre/lib/amd64/libverify.so
7fef53df8000-7fef53dff000 r-xp 00000000 00:20 189722                     /lib64/librt-2.19.so
7fef53dff000-7fef53ffe000 ---p 00007000 00:20 189722                     /lib64/librt-2.19.so
7fef53ffe000-7fef53fff000 r--p 00006000 00:20 189722                     /lib64/librt-2.19.so
7fef53fff000-7fef54000000 rw-p 00007000 00:20 189722                     /lib64/librt-2.19.so
7fef54000000-7fef54464000 rw-p 00000000 00:00 0 
7fef54464000-7fef58000000 ---p 00000000 00:00 0 
7fef58004000-7fef58009000 r--s 00096000 08:06 201604208                  /home/arne/jdk1.8.0_65/jre/lib/jsse.jar
7fef58009000-7fef58109000 r-xp 00000000 00:20 189698                     /lib64/libm-2.19.so
7fef58109000-7fef58308000 ---p 00100000 00:20 189698                     /lib64/libm-2.19.so
7fef58308000-7fef58309000 r--p 000ff000 00:20 189698                     /lib64/libm-2.19.so
7fef58309000-7fef5830a000 rw-p 00100000 00:20 189698                     /lib64/libm-2.19.so
7fef5830a000-7fef58fc8000 r-xp 00000000 08:06 1474                       /home/arne/jdk1.8.0_65/jre/lib/amd64/server/libjvm.so
7fef58fc8000-7fef591c7000 ---p 00cbe000 08:06 1474                       /home/arne/jdk1.8.0_65/jre/lib/amd64/server/libjvm.so
7fef591c7000-7fef5929f000 rw-p 00cbd000 08:06 1474                       /home/arne/jdk1.8.0_65/jre/lib/amd64/server/libjvm.so
7fef5929f000-7fef592e4000 rw-p 00000000 00:00 0 
7fef592e4000-7fef59482000 r-xp 00000000 00:20 189690                     /lib64/libc-2.19.so
7fef59482000-7fef59681000 ---p 0019e000 00:20 189690                     /lib64/libc-2.19.so
7fef59681000-7fef59685000 r--p 0019d000 00:20 189690                     /lib64/libc-2.19.so
7fef59685000-7fef59687000 rw-p 001a1000 00:20 189690                     /lib64/libc-2.19.so
7fef59687000-7fef5968b000 rw-p 00000000 00:00 0 
7fef5968b000-7fef5968e000 r-xp 00000000 00:20 189696                     /lib64/libdl-2.19.so
7fef5968e000-7fef5988d000 ---p 00003000 00:20 189696                     /lib64/libdl-2.19.so
7fef5988d000-7fef5988e000 r--p 00002000 00:20 189696                     /lib64/libdl-2.19.so
7fef5988e000-7fef5988f000 rw-p 00003000 00:20 189696                     /lib64/libdl-2.19.so
7fef5988f000-7fef598a4000 r-xp 00000000 08:06 201601607                  /home/arne/jdk1.8.0_65/lib/amd64/jli/libjli.so
7fef598a4000-7fef59aa4000 ---p 00015000 08:06 201601607                  /home/arne/jdk1.8.0_65/lib/amd64/jli/libjli.so
7fef59aa4000-7fef59aa5000 rw-p 00015000 08:06 201601607                  /home/arne/jdk1.8.0_65/lib/amd64/jli/libjli.so
7fef59aa5000-7fef59abd000 r-xp 00000000 00:20 189718                     /lib64/libpthread-2.19.so
7fef59abd000-7fef59cbc000 ---p 00018000 00:20 189718                     /lib64/libpthread-2.19.so
7fef59cbc000-7fef59cbd000 r--p 00017000 00:20 189718                     /lib64/libpthread-2.19.so
7fef59cbd000-7fef59cbe000 rw-p 00018000 00:20 189718                     /lib64/libpthread-2.19.so
7fef59cbe000-7fef59cc2000 rw-p 00000000 00:00 0 
7fef59cc2000-7fef59ce2000 r-xp 00000000 00:20 189683                     /lib64/ld-2.19.so
7fef59ce5000-7fef59ce6000 rw-p 00000000 00:00 0 
7fef59ce6000-7fef59cf0000 r--s 000e7000 08:06 207360570                  /home/arne/Lib/mysql-connector-java-5.1.38-bin.jar
7fef59cf0000-7fef59cf3000 r--s 0001d000 08:06 68265940                   /home/arne/Lib/commons-cli-2.0.jar
7fef59cf3000-7fef59cf4000 r--s 00004000 08:06 67487868                   /home/arne/netbeans-8.0.2/profiler/lib/jfluid-server-15.jar
7fef59cf4000-7fef59cf5000 r--s 00004000 08:06 67487868                   /home/arne/netbeans-8.0.2/profiler/lib/jfluid-server-15.jar
7fef59cf5000-7fef59cf9000 r--s 0005f000 08:06 67487869                   /home/arne/netbeans-8.0.2/profiler/lib/jfluid-server.jar
7fef59cf9000-7fef59cfa000 r--p 00000000 00:20 206525                     /usr/lib/locale/en_US.utf8/LC_NUMERIC
7fef59cfa000-7fef59cfb000 r--p 00000000 00:20 204613                     /usr/lib/locale/en_US.utf8/LC_TIME
7fef59cfb000-7fef59cfc000 r--p 00000000 00:20 204612                     /usr/lib/locale/en_US.utf8/LC_MONETARY
7fef59cfc000-7fef59cfd000 r--p 00000000 00:20 206747                     /usr/lib/locale/en_US.utf8/LC_MESSAGES/SYS_LC_MESSAGES
7fef59cfd000-7fef59cfe000 r--p 00000000 00:20 206700                     /usr/lib/locale/en_US.utf8/LC_PAPER
7fef59cfe000-7fef59cff000 r--p 00000000 00:20 206647                     /usr/lib/locale/en_US.utf8/LC_NAME
7fef59cff000-7fef59d00000 r--p 00000000 00:20 204610                     /usr/lib/locale/en_US.utf8/LC_ADDRESS
7fef59d00000-7fef59d01000 r--p 00000000 00:20 206748                     /usr/lib/locale/en_US.utf8/LC_TELEPHONE
7fef59d01000-7fef59d02000 r--p 00000000 00:20 206746                     /usr/lib/locale/en_US.utf8/LC_MEASUREMENT
7fef59d02000-7fef59d85000 rw-p 00000000 00:00 0 
7fef59d85000-7fef59dba000 r--s 00000000 00:11 16490                      /run/nscd/passwd
7fef59dba000-7fef59dbd000 ---p 00000000 00:00 0 
7fef59dbd000-7fef59ebf000 rw-p 00000000 00:00 0                          [stack:15621]
7fef59ebf000-7fef59ec6000 r--s 00000000 00:20 206911                     /usr/lib64/gconv/gconv-modules.cache
7fef59ec6000-7fef59ec7000 r--p 00000000 00:20 204611                     /usr/lib/locale/en_US.utf8/LC_IDENTIFICATION
7fef59ec7000-7fef59ed6000 rw-p 00000000 00:00 0 
7fef59ed6000-7fef59ede000 rw-s 00000000 00:2d 59844                      /tmp/hsperfdata_arne/15617
7fef59ede000-7fef59ee0000 rw-p 00000000 00:00 0 
7fef59ee0000-7fef59ee1000 ---p 00000000 00:00 0 
7fef59ee1000-7fef59ee2000 rw-p 00000000 00:00 0 
7fef59ee2000-7fef59ee3000 r--p 00020000 00:20 189683                     /lib64/ld-2.19.so
7fef59ee3000-7fef59ee4000 rw-p 00021000 00:20 189683                     /lib64/ld-2.19.so
7fef59ee4000-7fef59ee5000 rw-p 00000000 00:00 0 
7ffdcaa23000-7ffdcaa44000 rw-p 00000000 00:00 0                          [stack]
7ffdcabbe000-7ffdcabc0000 r-xp 00000000 00:00 0                          [vdso]
7ffdcabc0000-7ffdcabc2000 r--p 00000000 00:00 0                          [vvar]
ffffffffff600000-ffffffffff601000 r-xp 00000000 00:00 0                  [vsyscall]

VM Arguments:
jvm_args: -Dfile.encoding=UTF-8 -agentpath:/home/arne/netbeans-8.0.2/profiler/lib/deployed/jdk16/linux-amd64/libprofilerinterface.so=/home/arne/netbeans-8.0.2/profiler/lib,5140,10 -XX:+HeapDumpOnOutOfMemoryError -XX:HeapDumpPath=/home/arne/NetBeansProjects/ProQu/nbproject/private/profiler 
java_command: proqu.ProQu -p /home/arne/Documents/ProteinDatabases/uniprot_human_new.fasta -s /home/arne/Documents/COPD1/ -c /home/arne/Documents/COPD1/ -a 4 -f /home/arne/Documents/ProteinDatabases/useast_homo_sapiens_core_84_38_dump.tsv -g -m 3 -d 1 -e 6
java_class_path (initial): /home/arne/Lib/commons-cli-2.0.jar:/home/arne/Lib/mysql-connector-java-5.1.38-bin.jar:/home/arne/NetBeansProjects/ProteinDigester/build/classes:/home/arne/NetBeansProjects/ProQu/build/classes
Launcher Type: SUN_STANDARD

Environment Variables:
JAVA_HOME=/usr/lib64/jvm/java-1.7.0-openjdk-1.7.0
JRE_HOME=/usr/lib64/jvm/java/jre
PATH=/home/arne/bin:/usr/local/bin:/usr/bin:/bin:/usr/bin/X11:/usr/games:/usr/lib64/jvm/java-1.7.0-openjdk-1.7.0/bin:/usr/lib64/jvm/java-1.7.0-openjdk-1.7.0/bin
LD_LIBRARY_PATH=/home/arne/jdk1.8.0_65/jre/lib/amd64:/home/arne/jdk1.8.0_65/jre/lib/i386:
SHELL=/bin/bash
DISPLAY=:0
HOSTTYPE=x86_64
OSTYPE=linux
MACHTYPE=x86_64-suse-linux

Signal Handlers:
SIGSEGV: [libjvm.so+0xaba070], sa_mask[0]=11111111011111111101111111111110, sa_flags=SA_RESTART|SA_SIGINFO
SIGBUS: [libjvm.so+0xaba070], sa_mask[0]=11111111011111111101111111111110, sa_flags=SA_RESTART|SA_SIGINFO
SIGFPE: [libjvm.so+0x917630], sa_mask[0]=11111111011111111101111111111110, sa_flags=SA_RESTART|SA_SIGINFO
SIGPIPE: [libjvm.so+0x917630], sa_mask[0]=11111111011111111101111111111110, sa_flags=SA_RESTART|SA_SIGINFO
SIGXFSZ: [libjvm.so+0x917630], sa_mask[0]=11111111011111111101111111111110, sa_flags=SA_RESTART|SA_SIGINFO
SIGILL: [libjvm.so+0x917630], sa_mask[0]=11111111011111111101111111111110, sa_flags=SA_RESTART|SA_SIGINFO
SIGUSR1: SIG_DFL, sa_mask[0]=00000000000000000000000000000000, sa_flags=none
SIGUSR2: [libjvm.so+0x918c60], sa_mask[0]=00100000000000000000000000000000, sa_flags=SA_RESTART|SA_SIGINFO
SIGHUP: [libjvm.so+0x91a060], sa_mask[0]=11111111011111111101111111111110, sa_flags=SA_RESTART|SA_SIGINFO
SIGINT: SIG_IGN, sa_mask[0]=00000000000000000000000000000000, sa_flags=none
SIGTERM: [libjvm.so+0x91a060], sa_mask[0]=11111111011111111101111111111110, sa_flags=SA_RESTART|SA_SIGINFO
SIGQUIT: [libjvm.so+0x91a060], sa_mask[0]=11111111011111111101111111111110, sa_flags=SA_RESTART|SA_SIGINFO


---------------  S Y S T E M  ---------------

OS:openSUSE 13.2 (x86_64)
VERSION = 13.2
CODENAME = Harlequin
# /etc/SuSE-release is deprecated and will be removed in the future, use /etc/os-release instead

uname:Linux 3.16.7-32-desktop #1 SMP PREEMPT Wed Jan 20 14:05:33 UTC 2016 (d4df98a) x86_64
libc:glibc 2.19 NPTL 2.19 
rlimit: STACK 8192k, CORE 0k, NPROC 11976, NOFILE 4096, AS infinity
load average:1.87 1.20 1.07

/proc/meminfo:
MemTotal:        3079584 kB
MemFree:          175420 kB
MemAvailable:     717720 kB
Buffers:               8 kB
Cached:           757088 kB
SwapCached:        32208 kB
Active:          2122376 kB
Inactive:         597848 kB
Active(anon):    1650340 kB
Inactive(anon):   450416 kB
Active(file):     472036 kB
Inactive(file):   147432 kB
Unevictable:          80 kB
Mlocked:              80 kB
SwapTotal:       6289404 kB
SwapFree:        5960276 kB
Dirty:               420 kB
Writeback:             0 kB
AnonPages:       1953844 kB
Mapped:            89144 kB
Shmem:            137600 kB
Slab:             102160 kB
SReclaimable:      70908 kB
SUnreclaim:        31252 kB
KernelStack:        5504 kB
PageTables:        27216 kB
NFS_Unstable:          0 kB
Bounce:                0 kB
WritebackTmp:          0 kB
CommitLimit:     7829196 kB
Committed_AS:    3553132 kB
VmallocTotal:   34359738367 kB
VmallocUsed:      357024 kB
VmallocChunk:   34359369728 kB
HardwareCorrupted:     0 kB
AnonHugePages:    847872 kB
HugePages_Total:       0
HugePages_Free:        0
HugePages_Rsvd:        0
HugePages_Surp:        0
Hugepagesize:       2048 kB
DirectMap4k:       83652 kB
DirectMap2M:     3053568 kB


CPU:total 2 (2 cores per cpu, 1 threads per core) family 6 model 15 stepping 2, cmov, cx8, fxsr, mmx, sse, sse2, sse3, ssse3, tsc

/proc/cpuinfo:
processor	: 0
vendor_id	: GenuineIntel
cpu family	: 6
model		: 15
model name	: Genuine Intel(R) CPU            2160  @ 1.80GHz
stepping	: 2
microcode	: 0x5d
cpu MHz		: 1800.000
cache size	: 1024 KB
physical id	: 0
siblings	: 2
core id		: 0
cpu cores	: 2
apicid		: 0
initial apicid	: 0
fpu		: yes
fpu_exception	: yes
cpuid level	: 10
wp		: yes
flags		: fpu vme de pse tsc msr pae mce cx8 apic sep mtrr pge mca cmov pat pse36 clflush dts acpi mmx fxsr sse sse2 ss ht tm pbe syscall nx lm constant_tsc arch_perfmon pebs bts rep_good nopl aperfmperf pni dtes64 monitor ds_cpl est tm2 ssse3 cx16 xtpr pdcm lahf_lm dtherm
bogomips	: 3591.07
clflush size	: 64
cache_alignment	: 64
address sizes	: 36 bits physical, 48 bits virtual
power management:

processor	: 1
vendor_id	: GenuineIntel
cpu family	: 6
model		: 15
model name	: Genuine Intel(R) CPU            2160  @ 1.80GHz
stepping	: 2
microcode	: 0x5d
cpu MHz		: 1800.000
cache size	: 1024 KB
physical id	: 0
siblings	: 2
core id		: 1
cpu cores	: 2
apicid		: 1
initial apicid	: 1
fpu		: yes
fpu_exception	: yes
cpuid level	: 10
wp		: yes
flags		: fpu vme de pse tsc msr pae mce cx8 apic sep mtrr pge mca cmov pat pse36 clflush dts acpi mmx fxsr sse sse2 ss ht tm pbe syscall nx lm constant_tsc arch_perfmon pebs bts rep_good nopl aperfmperf pni dtes64 monitor ds_cpl est tm2 ssse3 cx16 xtpr pdcm lahf_lm dtherm
bogomips	: 3591.07
clflush size	: 64
cache_alignment	: 64
address sizes	: 36 bits physical, 48 bits virtual
power management:



Memory: 4k page, physical 3079584k(175420k free), swap 6289404k(5960276k free)

vm_info: Java HotSpot(TM) 64-Bit Server VM (25.65-b01) for linux-amd64 JRE (1.8.0_65-b17), built on Oct  6 2015 17:16:12 by "java_re" with gcc 4.3.0 20080428 (Red Hat 4.3.0-8)

time: Thu Apr  7 11:15:25 2016
elapsed time: 134 seconds (0d 0h 2m 14s)

