#
# A fatal error has been detected by the Java Runtime Environment:
#
#  SIGSEGV (0xb) at pc=0x00007f98ea8afe1b, pid=15767, tid=140294376879872
#
# JRE version: Java(TM) SE Runtime Environment (8.0_65-b17) (build 1.8.0_65-b17)
# Java VM: Java HotSpot(TM) 64-Bit Server VM (25.65-b01 mixed mode linux-amd64 compressed oops)
# Problematic frame:
# V  [libjvm.so+0x68de1b]  java_lang_Class::signers(oopDesc*)+0x1b
#
# Failed to write core dump. Core dumps have been disabled. To enable core dumping, try "ulimit -c unlimited" before starting Java again
#
# If you would like to submit a bug report, please visit:
#   http://bugreport.java.com/bugreport/crash.jsp
#

---------------  T H R E A D  ---------------

Current thread (0x00007f98e4072800):  VMThread [stack: 0x00007f98d46f7000,0x00007f98d47f8000] [id=15774]

siginfo: si_signo: 11 (SIGSEGV), si_code: 1 (SEGV_MAPERR), si_addr: 0x0000000000000040

Registers:
RAX=0x0000000000000040, RBX=0x00007f98ebdd15a0, RCX=0x00007f98cd323010, RDX=0x0000000000000000
RSP=0x00007f98d47f67c0, RBP=0x00007f98d47f67c0, RSI=0x0000000000000000, RDI=0x0000000000000000
R8 =0x0000000000000000, R9 =0x0000000000000015, R10=0x00007f98ebc1ea10, R11=0x00007f98eb365dd0
R12=0x00007f98ea83c750, R13=0x00000001000ec730, R14=0x00007f98d47f67dc, R15=0x00007f98ebdd1510
RIP=0x00007f98ea8afe1b, EFLAGS=0x0000000000010246, CSGSFS=0x0000000000000033, ERR=0x0000000000000004
  TRAPNO=0x000000000000000e

Top of Stack: (sp=0x00007f98d47f67c0)
0x00007f98d47f67c0:   00007f98d47f6800 00007f98ea83c3a2
0x00007f98d47f67d0:   0000000000000000 0100000000000000
0x00007f98d47f67e0:   00000001000ec730 00007f98ea83c750
0x00007f98d47f67f0:   00007f98e4021f70 0000000000000015
0x00007f98d47f6800:   00007f98d47f6830 00007f98ea688816
0x00007f98d47f6810:   00007f98ead444fc 00007f98ebdd15a0
0x00007f98d47f6820:   00007f98ead444fc 00007f98eb1e5750
0x00007f98d47f6830:   00007f98d47f6970 00007f98ea83f7fe
0x00007f98d47f6840:   00007f98e40026a0 00007f98d47f693c
0x00007f98d47f6850:   00007f98d47f6860 0000000000000000
0x00007f98d47f6860:   00007f98e4072800 00007f98e4072e80
0x00007f98d47f6870:   00007f98e4072ec0 00007f98e4072ed0
0x00007f98d47f6880:   00007f98e4072fa8 00000000000000d8
0x00007f98d47f6890:   00007f98d47f6ba0 0000000000000000
0x00007f98d47f68a0:   00000000ffffffff 00007f98e4079c38
0x00007f98d47f68b0:   000000000000007f 0000000000000003
0x00007f98d47f68c0:   0000000000000001 00007f98d47f6940
0x00007f98d47f68d0:   00007f98d47f6970 0000000000000c00
0x00007f98d47f68e0:   0000000000000000 0000000000000000
0x00007f98d47f68f0:   00007f98e4072800 00007f98e4008800
0x00007f98d47f6900:   00007f98ead3c301 00007f98e4073601
0x00007f98d47f6910:   00007f98e4008800 00007f98eb1d1b90
0x00007f98d47f6920:   00007f98eb16fa80 00007f98ebdd15a0
0x00007f98d47f6930:   00007f98d47f6950 0800000ceac81f9b
0x00007f98d47f6940:   00007f98eb1c1bc2 00007f98ebdd1510
0x00007f98d47f6950:   00007f98e4072060 00007f98e4022350
0x00007f98d47f6960:   00000000000003d8 00007f98e4022738
0x00007f98d47f6970:   00007f98d47f69c0 00007f98eace4c35
0x00007f98d47f6980:   00000000001a0100 00007f98e4022360
0x00007f98d47f6990:   00000000001a72db 00007f98e4007380
0x00007f98d47f69a0:   00007f98ebdd1510 00007f98e4072060
0x00007f98d47f69b0:   00007f98e4022350 00007f98eb18b618 

Instructions: (pc=0x00007f98ea8afe1b)
0x00007f98ea8afdfb:   00 00 00 00 00 48 8b 05 41 2f 8d 00 55 8b 15 56
0x00007f98ea8afe0b:   35 91 00 48 89 e5 80 38 00 74 2a 48 63 c2 31 d2
0x00007f98ea8afe1b:   8b 0c 07 85 c9 74 12 48 8b 05 8f fd 8c 00 89 ca
0x00007f98ea8afe2b:   8b 48 08 48 d3 e2 48 03 10 48 89 d0 c9 c3 0f 1f 

Register to memory mapping:

RAX=0x0000000000000040 is an unknown value
RBX=0x00007f98ebdd15a0 is pointing into the stack for thread: 0x00007f98e4008800
RCX=0x00007f98cd323010 is an unknown value
RDX=0x0000000000000000 is an unknown value
RSP=0x00007f98d47f67c0 is an unknown value
RBP=0x00007f98d47f67c0 is an unknown value
RSI=0x0000000000000000 is an unknown value
RDI=0x0000000000000000 is an unknown value
R8 =0x0000000000000000 is an unknown value
R9 =0x0000000000000015 is an unknown value
R10=0x00007f98ebc1ea10 is an unknown value
R11=0x00007f98eb365dd0: <offset 0x169dd0> in /lib64/libc.so.6 at 0x00007f98eb1fc000
R12=0x00007f98ea83c750: <offset 0x61a750> in /home/arne/jdk1.8.0_65/jre/lib/amd64/server/libjvm.so at 0x00007f98ea222000
R13=0x00000001000ec730 is pointing into metadata
R14=0x00007f98d47f67dc is an unknown value
R15=0x00007f98ebdd1510 is pointing into the stack for thread: 0x00007f98e4008800


Stack: [0x00007f98d46f7000,0x00007f98d47f8000],  sp=0x00007f98d47f67c0,  free space=1021k
Native frames: (J=compiled Java code, j=interpreted, Vv=VM code, C=native code)
V  [libjvm.so+0x68de1b]  java_lang_Class::signers(oopDesc*)+0x1b
V  [libjvm.so+0x61a3a2]  DumperSupport::dump_class_and_array_classes(DumpWriter*, Klass*)+0xb2
V  [libjvm.so+0x466816]  ClassLoaderDataGraph::classes_do(void (*)(Klass*))+0x36
V  [libjvm.so+0x61d7fe]  VM_HeapDumper::doit()+0x23e
V  [libjvm.so+0xac2c35]  VM_Operation::evaluate()+0x55
V  [libjvm.so+0xac100a]  VMThread::evaluate_operation(VM_Operation*)+0xba
V  [libjvm.so+0xac138e]  VMThread::loop()+0x1ce
V  [libjvm.so+0xac1800]  VMThread::run()+0x70
V  [libjvm.so+0x91cb88]  java_start(Thread*)+0x108

VM_Operation (0x00007f98ebdd1510): HeapDumper, mode: safepoint, requested by thread 0x00007f98e4008800


---------------  P R O C E S S  ---------------

Java Threads: ( => current thread )
  0x00007f98e4253000 JavaThread "Service Thread" daemon [_thread_blocked, id=15789, stack(0x00007f98cdc25000,0x00007f98cdd26000)]
  0x00007f98e4250800 JavaThread "C1 CompilerThread1" daemon [_thread_blocked, id=15788, stack(0x00007f98cdd26000,0x00007f98cde27000)]
  0x00007f98e424f800 JavaThread "C2 CompilerThread0" daemon [_thread_blocked, id=15787, stack(0x00007f98ce04d000,0x00007f98ce14e000)]
  0x00007f98a8005000 JavaThread "*** Profiler Agent Special Execution Thread 10" daemon [_thread_blocked, id=15786, stack(0x00007f98cde27000,0x00007f98cdf28000)]
  0x00007f98e4257800 JavaThread "*** Profiler Agent Special Execution Thread 6" daemon [_thread_blocked, id=15781, stack(0x00007f98ce568000,0x00007f98ce669000)]
  0x00007f98e419a000 JavaThread "*** JFluid Monitor thread ***" daemon [_thread_blocked, id=15780, stack(0x00007f98d4052000,0x00007f98d4153000)]
  0x00007f98e4245000 JavaThread "*** Profiler Agent Communication Thread" daemon [_thread_blocked, id=15778, stack(0x00007f98d4184000,0x00007f98d4285000)]
  0x00007f98e4179800 JavaThread "Signal Dispatcher" daemon [_thread_blocked, id=15777, stack(0x00007f98d4285000,0x00007f98d4386000)]
  0x00007f98e4091000 JavaThread "Finalizer" daemon [_thread_blocked, id=15776, stack(0x00007f98d44f5000,0x00007f98d45f6000)]
  0x00007f98e408e000 JavaThread "Reference Handler" daemon [_thread_blocked, id=15775, stack(0x00007f98d45f6000,0x00007f98d46f7000)]
  0x00007f98e4008800 JavaThread "main" [_thread_blocked, id=15771, stack(0x00007f98ebcd2000,0x00007f98ebdd3000)]

Other Threads:
=>0x00007f98e4072800 VMThread [stack: 0x00007f98d46f7000,0x00007f98d47f8000] [id=15774]
  0x00007f98e4400800 WatcherThread [stack: 0x00007f98cdb24000,0x00007f98cdc25000] [id=15790]

VM state:at safepoint (normal execution)

VM Mutex/Monitor currently owned by a thread:  ([mutex/lock_event])
[0x00007f98e4007280] Threads_lock - owner thread: 0x00007f98e4072800
[0x00007f98e4007780] Heap_lock - owner thread: 0x00007f98e4008800

Heap:
 PSYoungGen      total 171008K, used 85503K [0x00000000f0580000, 0x0000000100000000, 0x0000000100000000)
  eden space 85504K, 99% used [0x00000000f0580000,0x00000000f58fffb0,0x00000000f5900000)
  from space 85504K, 0% used [0x00000000fac80000,0x00000000fac80000,0x0000000100000000)
  to   space 85504K, 0% used [0x00000000f5900000,0x00000000f5900000,0x00000000fac80000)
 ParOldGen       total 513536K, used 513378K [0x00000000d1000000, 0x00000000f0580000, 0x00000000f0580000)
  object space 513536K, 99% used [0x00000000d1000000,0x00000000f0558a58,0x00000000f0580000)
 Metaspace       used 7691K, capacity 7870K, committed 8192K, reserved 1056768K
  class space    used 880K, capacity 957K, committed 1024K, reserved 1048576K

Card table byte_map: [0x00007f98e9080000,0x00007f98e91f9000] byte_map_base: 0x00007f98e89f8000

Marking Bits: (ParMarkBitMap*) 0x00007f98eb1d0de0
 Begin Bits: [0x00007f98ce880000, 0x00007f98cf440000)
 End Bits:   [0x00007f98cf440000, 0x00007f98d0000000)

Polling page: 0x00007f98ebdf8000

CodeCache: size=245760Kb used=2030Kb max_used=2037Kb free=243729Kb
 bounds [0x00007f98d5000000, 0x00007f98d5270000, 0x00007f98e4000000]
 total_blobs=754 nmethods=418 adapters=252
 compilation: enabled

Compilation events (10 events):
Event: 31.237 Thread 0x00007f98e424f800  552       4       java.util.ComparableTimSort::gallopLeft (327 bytes)
Event: 31.244 Thread 0x00007f98e424f800 nmethod 552 0x00007f98d5151510 code [0x00007f98d5151680, 0x00007f98d5151898]
Event: 33.820 Thread 0x00007f98e4250800  553       3       java.io.Bits::putLong (86 bytes)
Event: 33.821 Thread 0x00007f98e4250800 nmethod 553 0x00007f98d5153290 code [0x00007f98d5153400, 0x00007f98d5153690]
Event: 36.774 Thread 0x00007f98e4250800  554  s    3       java.util.Vector::get (23 bytes)
Event: 36.775 Thread 0x00007f98e4250800 nmethod 554 0x00007f98d51e7f50 code [0x00007f98d51e80e0, 0x00007f98d51e8588]
Event: 39.819 Thread 0x00007f98e4250800  555       3       java.io.ObjectOutputStream$BlockDataOutputStream::drain (45 bytes)
Event: 39.820 Thread 0x00007f98e4250800 nmethod 555 0x00007f98d51e79d0 code [0x00007f98d51e7b60, 0x00007f98d51e7e58]
Event: 104.475 Thread 0x00007f98e4250800  557       3       java.lang.ref.Reference::access$100 (4 bytes)
Event: 104.475 Thread 0x00007f98e4250800 nmethod 557 0x00007f98d51d5d90 code [0x00007f98d51d5ee0, 0x00007f98d51d6010]

GC Heap History (10 events):
Event: 128.555 GC heap before
{Heap before GC invocations=75 (full 47):
 PSYoungGen      total 171008K, used 85504K [0x00000000f0580000, 0x0000000100000000, 0x0000000100000000)
  eden space 85504K, 100% used [0x00000000f0580000,0x00000000f5900000,0x00000000f5900000)
  from space 85504K, 0% used [0x00000000fac80000,0x00000000fac80000,0x0000000100000000)
  to   space 85504K, 0% used [0x00000000f5900000,0x00000000f5900000,0x00000000fac80000)
 ParOldGen       total 513536K, used 513371K [0x00000000d1000000, 0x00000000f0580000, 0x00000000f0580000)
  object space 513536K, 99% used [0x00000000d1000000,0x00000000f0556f58,0x00000000f0580000)
 Metaspace       used 7689K, capacity 7870K, committed 8192K, reserved 1056768K
  class space    used 880K, capacity 957K, committed 1024K, reserved 1048576K
Event: 130.790 GC heap after
Heap after GC invocations=75 (full 47):
 PSYoungGen      total 171008K, used 85503K [0x00000000f0580000, 0x0000000100000000, 0x0000000100000000)
  eden space 85504K, 99% used [0x00000000f0580000,0x00000000f58ffff0,0x00000000f5900000)
  from space 85504K, 0% used [0x00000000fac80000,0x00000000fac80000,0x0000000100000000)
  to   space 85504K, 0% used [0x00000000f5900000,0x00000000f5900000,0x00000000fac80000)
 ParOldGen       total 513536K, used 513371K [0x00000000d1000000, 0x00000000f0580000, 0x00000000f0580000)
  object space 513536K, 99% used [0x00000000d1000000,0x00000000f0556de8,0x00000000f0580000)
 Metaspace       used 7689K, capacity 7870K, committed 8192K, reserved 1056768K
  class space    used 880K, capacity 957K, committed 1024K, reserved 1048576K
}
Event: 130.791 GC heap before
{Heap before GC invocations=76 (full 48):
 PSYoungGen      total 171008K, used 85503K [0x00000000f0580000, 0x0000000100000000, 0x0000000100000000)
  eden space 85504K, 99% used [0x00000000f0580000,0x00000000f58ffff0,0x00000000f5900000)
  from space 85504K, 0% used [0x00000000fac80000,0x00000000fac80000,0x0000000100000000)
  to   space 85504K, 0% used [0x00000000f5900000,0x00000000f5900000,0x00000000fac80000)
 ParOldGen       total 513536K, used 513374K [0x00000000d1000000, 0x00000000f0580000, 0x00000000f0580000)
  object space 513536K, 99% used [0x00000000d1000000,0x00000000f0557b00,0x00000000f0580000)
 Metaspace       used 7689K, capacity 7870K, committed 8192K, reserved 1056768K
  class space    used 880K, capacity 957K, committed 1024K, reserved 1048576K
Event: 133.026 GC heap after
Heap after GC invocations=76 (full 48):
 PSYoungGen      total 171008K, used 85503K [0x00000000f0580000, 0x0000000100000000, 0x0000000100000000)
  eden space 85504K, 99% used [0x00000000f0580000,0x00000000f58ffff0,0x00000000f5900000)
  from space 85504K, 0% used [0x00000000fac80000,0x00000000fac80000,0x0000000100000000)
  to   space 85504K, 0% used [0x00000000f5900000,0x00000000f5900000,0x00000000fac80000)
 ParOldGen       total 513536K, used 513374K [0x00000000d1000000, 0x00000000f0580000, 0x00000000f0580000)
  object space 513536K, 99% used [0x00000000d1000000,0x00000000f0557930,0x00000000f0580000)
 Metaspace       used 7689K, capacity 7870K, committed 8192K, reserved 1056768K
  class space    used 880K, capacity 957K, committed 1024K, reserved 1048576K
}
Event: 133.026 GC heap before
{Heap before GC invocations=77 (full 49):
 PSYoungGen      total 171008K, used 85503K [0x00000000f0580000, 0x0000000100000000, 0x0000000100000000)
  eden space 85504K, 99% used [0x00000000f0580000,0x00000000f58ffff0,0x00000000f5900000)
  from space 85504K, 0% used [0x00000000fac80000,0x00000000fac80000,0x0000000100000000)
  to   space 85504K, 0% used [0x00000000f5900000,0x00000000f5900000,0x00000000fac80000)
 ParOldGen       total 513536K, used 513377K [0x00000000d1000000, 0x00000000f0580000, 0x00000000f0580000)
  object space 513536K, 99% used [0x00000000d1000000,0x00000000f0558470,0x00000000f0580000)
 Metaspace       used 7689K, capacity 7870K, committed 8192K, reserved 1056768K
  class space    used 880K, capacity 957K, committed 1024K, reserved 1048576K
Event: 135.258 GC heap after
Heap after GC invocations=77 (full 49):
 PSYoungGen      total 171008K, used 85503K [0x00000000f0580000, 0x0000000100000000, 0x0000000100000000)
  eden space 85504K, 99% used [0x00000000f0580000,0x00000000f58ffff0,0x00000000f5900000)
  from space 85504K, 0% used [0x00000000fac80000,0x00000000fac80000,0x0000000100000000)
  to   space 85504K, 0% used [0x00000000f5900000,0x00000000f5900000,0x00000000fac80000)
 ParOldGen       total 513536K, used 513376K [0x00000000d1000000, 0x00000000f0580000, 0x00000000f0580000)
  object space 513536K, 99% used [0x00000000d1000000,0x00000000f05582a8,0x00000000f0580000)
 Metaspace       used 7689K, capacity 7870K, committed 8192K, reserved 1056768K
  class space    used 880K, capacity 957K, committed 1024K, reserved 1048576K
}
Event: 135.258 GC heap before
{Heap before GC invocations=78 (full 50):
 PSYoungGen      total 171008K, used 85504K [0x00000000f0580000, 0x0000000100000000, 0x0000000100000000)
  eden space 85504K, 100% used [0x00000000f0580000,0x00000000f5900000,0x00000000f5900000)
  from space 85504K, 0% used [0x00000000fac80000,0x00000000fac80000,0x0000000100000000)
  to   space 85504K, 0% used [0x00000000f5900000,0x00000000f5900000,0x00000000fac80000)
 ParOldGen       total 513536K, used 513378K [0x00000000d1000000, 0x00000000f0580000, 0x00000000f0580000)
  object space 513536K, 99% used [0x00000000d1000000,0x00000000f0558b98,0x00000000f0580000)
 Metaspace       used 7689K, capacity 7870K, committed 8192K, reserved 1056768K
  class space    used 880K, capacity 957K, committed 1024K, reserved 1048576K
Event: 137.582 GC heap after
Heap after GC invocations=78 (full 50):
 PSYoungGen      total 171008K, used 85503K [0x00000000f0580000, 0x0000000100000000, 0x0000000100000000)
  eden space 85504K, 99% used [0x00000000f0580000,0x00000000f58fffe0,0x00000000f5900000)
  from space 85504K, 0% used [0x00000000fac80000,0x00000000fac80000,0x0000000100000000)
  to   space 85504K, 0% used [0x00000000f5900000,0x00000000f5900000,0x00000000fac80000)
 ParOldGen       total 513536K, used 513378K [0x00000000d1000000, 0x00000000f0580000, 0x00000000f0580000)
  object space 513536K, 99% used [0x00000000d1000000,0x00000000f0558a58,0x00000000f0580000)
 Metaspace       used 7689K, capacity 7870K, committed 8192K, reserved 1056768K
  class space    used 880K, capacity 957K, committed 1024K, reserved 1048576K
}
Event: 137.582 GC heap before
{Heap before GC invocations=79 (full 51):
 PSYoungGen      total 171008K, used 85504K [0x00000000f0580000, 0x0000000100000000, 0x0000000100000000)
  eden space 85504K, 100% used [0x00000000f0580000,0x00000000f5900000,0x00000000f5900000)
  from space 85504K, 0% used [0x00000000fac80000,0x00000000fac80000,0x0000000100000000)
  to   space 85504K, 0% used [0x00000000f5900000,0x00000000f5900000,0x00000000fac80000)
 ParOldGen       total 513536K, used 513378K [0x00000000d1000000, 0x00000000f0580000, 0x00000000f0580000)
  object space 513536K, 99% used [0x00000000d1000000,0x00000000f0558a58,0x00000000f0580000)
 Metaspace       used 7689K, capacity 7870K, committed 8192K, reserved 1056768K
  class space    used 880K, capacity 957K, committed 1024K, reserved 1048576K
Event: 140.082 GC heap after
Heap after GC invocations=79 (full 51):
 PSYoungGen      total 171008K, used 85503K [0x00000000f0580000, 0x0000000100000000, 0x0000000100000000)
  eden space 85504K, 99% used [0x00000000f0580000,0x00000000f58fff90,0x00000000f5900000)
  from space 85504K, 0% used [0x00000000fac80000,0x00000000fac80000,0x0000000100000000)
  to   space 85504K, 0% used [0x00000000f5900000,0x00000000f5900000,0x00000000fac80000)
 ParOldGen       total 513536K, used 513378K [0x00000000d1000000, 0x00000000f0580000, 0x00000000f0580000)
  object space 513536K, 99% used [0x00000000d1000000,0x00000000f0558a58,0x00000000f0580000)
 Metaspace       used 7689K, capacity 7870K, committed 8192K, reserved 1056768K
  class space    used 880K, capacity 957K, committed 1024K, reserved 1048576K
}

Deoptimization events (10 events):
Event: 15.130 Thread 0x00007f98e4008800 Uncommon trap: reason=unstable_if action=reinterpret pc=0x00007f98d517d0c8 method=java.util.regex.Matcher.reset()Ljava/util/regex/Matcher; @ 47
Event: 15.130 Thread 0x00007f98e4008800 Uncommon trap: reason=predicate action=maybe_recompile pc=0x00007f98d5189ea4 method=java.util.regex.Pattern$Start.match(Ljava/util/regex/Matcher;ILjava/lang/CharSequence;)Z @ 37
Event: 15.131 Thread 0x00007f98e4008800 Uncommon trap: reason=unstable_if action=reinterpret pc=0x00007f98d5157c54 method=java.util.regex.Matcher.search(I)Z @ 30
Event: 15.131 Thread 0x00007f98e4008800 Uncommon trap: reason=predicate action=maybe_recompile pc=0x00007f98d518bdbc method=java.util.regex.Pattern$Start.match(Ljava/util/regex/Matcher;ILjava/lang/CharSequence;)Z @ 37
Event: 15.132 Thread 0x00007f98e4008800 Uncommon trap: reason=unstable_if action=reinterpret pc=0x00007f98d517e364 method=java.util.ArrayList.grow(I)V @ 15
Event: 15.132 Thread 0x00007f98e4008800 Uncommon trap: reason=unstable_if action=reinterpret pc=0x00007f98d51866d4 method=java.util.ArrayList.grow(I)V @ 15
Event: 15.138 Thread 0x00007f98e4008800 Uncommon trap: reason=unstable_if action=reinterpret pc=0x00007f98d5158604 method=java.util.regex.Matcher.reset()Ljava/util/regex/Matcher; @ 47
Event: 15.139 Thread 0x00007f98e4008800 Uncommon trap: reason=unstable_if action=reinterpret pc=0x00007f98d5169e7c method=java.util.regex.Matcher.reset()Ljava/util/regex/Matcher; @ 47
Event: 104.475 Thread 0x00007f98e4179800 Uncommon trap: reason=unstable_if action=reinterpret pc=0x00007f98d5164504 method=java.lang.Integer.equals(Ljava/lang/Object;)Z @ 18
Event: 109.255 Thread 0x00007f98a8005000 Uncommon trap: reason=unstable_if action=reinterpret pc=0x00007f98d51a17e4 method=org.netbeans.lib.profiler.server.ProfilerRuntimeSampler$Sampling.sample()V @ 255

Internal exceptions (10 events):
Event: 1.073 Thread 0x00007f98e4008800 Exception <a 'java/lang/ArrayIndexOutOfBoundsException': 60> (0x00000000f077c808) thrown at [/HUDSON/workspace/8-2-build-linux-amd64/jdk8u65/4987/hotspot/src/share/vm/interpreter/interpreterRuntime.cpp, line 366]
Event: 1.075 Thread 0x00007f98e4008800 Exception <a 'java/lang/ArrayIndexOutOfBoundsException': 71> (0x00000000f077e0c8) thrown at [/HUDSON/workspace/8-2-build-linux-amd64/jdk8u65/4987/hotspot/src/share/vm/interpreter/interpreterRuntime.cpp, line 366]
Event: 1.104 Thread 0x00007f98e4008800 Exception <a 'java/lang/ArrayIndexOutOfBoundsException': 38> (0x00000000f07a5eb0) thrown at [/HUDSON/workspace/8-2-build-linux-amd64/jdk8u65/4987/hotspot/src/share/vm/interpreter/interpreterRuntime.cpp, line 366]
Event: 1.105 Thread 0x00007f98e4008800 Exception <a 'java/lang/ArrayIndexOutOfBoundsException': 67> (0x00000000f07a7118) thrown at [/HUDSON/workspace/8-2-build-linux-amd64/jdk8u65/4987/hotspot/src/share/vm/interpreter/interpreterRuntime.cpp, line 366]
Event: 1.106 Thread 0x00007f98e4008800 Exception <a 'java/lang/ArrayIndexOutOfBoundsException': 55> (0x00000000f07a8740) thrown at [/HUDSON/workspace/8-2-build-linux-amd64/jdk8u65/4987/hotspot/src/share/vm/interpreter/interpreterRuntime.cpp, line 366]
Event: 1.134 Thread 0x00007f98e4008800 Exception <a 'java/lang/ArrayIndexOutOfBoundsException': 38> (0x00000000f07ce018) thrown at [/HUDSON/workspace/8-2-build-linux-amd64/jdk8u65/4987/hotspot/src/share/vm/interpreter/interpreterRuntime.cpp, line 366]
Event: 1.178 Thread 0x00007f98e4008800 Exception <a 'java/lang/ArrayIndexOutOfBoundsException': 49> (0x00000000f07ddb00) thrown at [/HUDSON/workspace/8-2-build-linux-amd64/jdk8u65/4987/hotspot/src/share/vm/interpreter/interpreterRuntime.cpp, line 366]
Event: 1.803 Thread 0x00007f98e4245000 Exception <a 'java/lang/NoSuchFieldError': method resolution failed> (0x00000000f0965408) thrown at [/HUDSON/workspace/8-2-build-linux-amd64/jdk8u65/4987/hotspot/src/share/vm/prims/methodHandles.cpp, line 1146]
Event: 1.810 Thread 0x00007f98e4245000 Exception <a 'java/lang/NoSuchFieldError': method resolution failed> (0x00000000f0972c08) thrown at [/HUDSON/workspace/8-2-build-linux-amd64/jdk8u65/4987/hotspot/src/share/vm/prims/methodHandles.cpp, line 1146]
Event: 15.076 Thread 0x00007f98e4008800 Implicit null exception at 0x00007f98d51e6f41 to 0x00007f98d51e7a8d

Events (10 events):
Event: 130.790 Executing VM operation: ParallelGCFailedAllocation
Event: 133.026 Executing VM operation: ParallelGCFailedAllocation done
Event: 133.026 Executing VM operation: ParallelGCFailedAllocation
Event: 135.258 Executing VM operation: ParallelGCFailedAllocation done
Event: 135.258 Executing VM operation: ParallelGCFailedAllocation
Event: 137.582 Executing VM operation: ParallelGCFailedAllocation done
Event: 137.582 Executing VM operation: ParallelGCFailedAllocation
Event: 140.082 Executing VM operation: ParallelGCFailedAllocation done
Event: 140.082 loading class sun/net/ResourceManager
Event: 140.082 Executing VM operation: HeapDumper


Dynamic libraries:
00400000-00401000 r-xp 00000000 08:06 142255499                          /home/arne/jdk1.8.0_65/bin/java
00600000-00601000 rw-p 00000000 08:06 142255499                          /home/arne/jdk1.8.0_65/bin/java
00bd6000-00bf7000 rw-p 00000000 00:00 0                                  [heap]
d1000000-f0580000 rw-p 00000000 00:00 0 
f0580000-100000000 rw-p 00000000 00:00 0 
100000000-100100000 rw-p 00000000 00:00 0 
100100000-140000000 ---p 00000000 00:00 0 
7f9894000000-7f9894021000 rw-p 00000000 00:00 0 
7f9894021000-7f9898000000 ---p 00000000 00:00 0 
7f989c000000-7f989c6e1000 rw-p 00000000 00:00 0 
7f989c6e1000-7f98a0000000 ---p 00000000 00:00 0 
7f98a0000000-7f98a011b000 rw-p 00000000 00:00 0 
7f98a011b000-7f98a4000000 ---p 00000000 00:00 0 
7f98a4000000-7f98a4021000 rw-p 00000000 00:00 0 
7f98a4021000-7f98a8000000 ---p 00000000 00:00 0 
7f98a8000000-7f98a8293000 rw-p 00000000 00:00 0 
7f98a8293000-7f98ac000000 ---p 00000000 00:00 0 
7f98ac000000-7f98ac021000 rw-p 00000000 00:00 0 
7f98ac021000-7f98b0000000 ---p 00000000 00:00 0 
7f98b0000000-7f98b0021000 rw-p 00000000 00:00 0 
7f98b0021000-7f98b4000000 ---p 00000000 00:00 0 
7f98b4000000-7f98b4021000 rw-p 00000000 00:00 0 
7f98b4021000-7f98b8000000 ---p 00000000 00:00 0 
7f98b8000000-7f98b84b2000 rw-p 00000000 00:00 0 
7f98b84b2000-7f98bc000000 ---p 00000000 00:00 0 
7f98bc000000-7f98bc021000 rw-p 00000000 00:00 0 
7f98bc021000-7f98c0000000 ---p 00000000 00:00 0 
7f98c0000000-7f98c0021000 rw-p 00000000 00:00 0 
7f98c0021000-7f98c4000000 ---p 00000000 00:00 0 
7f98c4000000-7f98c4982000 rw-p 00000000 00:00 0 
7f98c4982000-7f98c8000000 ---p 00000000 00:00 0 
7f98c8000000-7f98c8021000 rw-p 00000000 00:00 0 
7f98c8021000-7f98cc000000 ---p 00000000 00:00 0 
7f98cd323000-7f98cdb24000 rw-p 00000000 00:00 0 
7f98cdb24000-7f98cdb25000 ---p 00000000 00:00 0 
7f98cdb25000-7f98cdc25000 rw-p 00000000 00:00 0                          [stack:15790]
7f98cdc25000-7f98cdc28000 ---p 00000000 00:00 0 
7f98cdc28000-7f98cdd26000 rw-p 00000000 00:00 0                          [stack:15789]
7f98cdd26000-7f98cdd29000 ---p 00000000 00:00 0 
7f98cdd29000-7f98cde27000 rw-p 00000000 00:00 0                          [stack:15788]
7f98cde27000-7f98cde2a000 ---p 00000000 00:00 0 
7f98cde2a000-7f98cdf28000 rw-p 00000000 00:00 0                          [stack:15786]
7f98cdf28000-7f98ce04d000 rw-s 00000000 00:2d 59857                      /tmp/jfluidbuf3673905075423495845.tmp (deleted)
7f98ce04d000-7f98ce050000 ---p 00000000 00:00 0 
7f98ce050000-7f98ce14e000 rw-p 00000000 00:00 0                          [stack:15787]
7f98ce14e000-7f98ce15f000 r-xp 00000000 08:06 732493                     /home/arne/jdk1.8.0_65/jre/lib/amd64/libnio.so
7f98ce15f000-7f98ce35e000 ---p 00011000 08:06 732493                     /home/arne/jdk1.8.0_65/jre/lib/amd64/libnio.so
7f98ce35e000-7f98ce35f000 rw-p 00010000 08:06 732493                     /home/arne/jdk1.8.0_65/jre/lib/amd64/libnio.so
7f98ce35f000-7f98ce367000 r-xp 00000000 08:06 1479                       /home/arne/jdk1.8.0_65/jre/lib/amd64/libmanagement.so
7f98ce367000-7f98ce567000 ---p 00008000 08:06 1479                       /home/arne/jdk1.8.0_65/jre/lib/amd64/libmanagement.so
7f98ce567000-7f98ce568000 rw-p 00008000 08:06 1479                       /home/arne/jdk1.8.0_65/jre/lib/amd64/libmanagement.so
7f98ce568000-7f98ce56b000 ---p 00000000 00:00 0 
7f98ce56b000-7f98ce669000 rw-p 00000000 00:00 0                          [stack:15781]
7f98ce669000-7f98ce67f000 r-xp 00000000 08:06 732494                     /home/arne/jdk1.8.0_65/jre/lib/amd64/libnet.so
7f98ce67f000-7f98ce87f000 ---p 00016000 08:06 732494                     /home/arne/jdk1.8.0_65/jre/lib/amd64/libnet.so
7f98ce87f000-7f98ce880000 rw-p 00016000 08:06 732494                     /home/arne/jdk1.8.0_65/jre/lib/amd64/libnet.so
7f98ce880000-7f98d0000000 rw-p 00000000 00:00 0 
7f98d0000000-7f98d0021000 rw-p 00000000 00:00 0 
7f98d0021000-7f98d4000000 ---p 00000000 00:00 0 
7f98d4019000-7f98d401c000 ---p 00000000 00:00 0 
7f98d401c000-7f98d4052000 rw-p 00000000 00:00 0 
7f98d4052000-7f98d4055000 ---p 00000000 00:00 0 
7f98d4055000-7f98d4184000 rw-p 00000000 00:00 0                          [stack:15780]
7f98d4184000-7f98d4187000 ---p 00000000 00:00 0 
7f98d4187000-7f98d4285000 rw-p 00000000 00:00 0                          [stack:15778]
7f98d4285000-7f98d4288000 ---p 00000000 00:00 0 
7f98d4288000-7f98d4386000 rw-p 00000000 00:00 0                          [stack:15777]
7f98d4386000-7f98d43c5000 r--p 00000000 00:20 206504                     /usr/lib/locale/en_US.utf8/LC_CTYPE
7f98d43c5000-7f98d44f5000 r--p 00000000 00:20 206503                     /usr/lib/locale/en_US.utf8/LC_COLLATE
7f98d44f5000-7f98d44f8000 ---p 00000000 00:00 0 
7f98d44f8000-7f98d45f6000 rw-p 00000000 00:00 0                          [stack:15776]
7f98d45f6000-7f98d45f9000 ---p 00000000 00:00 0 
7f98d45f9000-7f98d46f7000 rw-p 00000000 00:00 0                          [stack:15775]
7f98d46f7000-7f98d46f8000 ---p 00000000 00:00 0 
7f98d46f8000-7f98d5000000 rw-p 00000000 00:00 0                          [stack:15774]
7f98d5000000-7f98d5270000 rwxp 00000000 00:00 0 
7f98d5270000-7f98e4000000 ---p 00000000 00:00 0 
7f98e4000000-7f98e444e000 rw-p 00000000 00:00 0 
7f98e444e000-7f98e8000000 ---p 00000000 00:00 0 
7f98e8005000-7f98e800a000 r--s 00096000 08:06 201604208                  /home/arne/jdk1.8.0_65/jre/lib/jsse.jar
7f98e800a000-7f98e81bd000 rw-p 00000000 00:00 0 
7f98e81bd000-7f98e8395000 r--s 03d20000 08:06 201604226                  /home/arne/jdk1.8.0_65/jre/lib/rt.jar
7f98e8395000-7f98e8b0b000 rw-p 00000000 00:00 0 
7f98e8b0b000-7f98e8c0b000 ---p 00000000 00:00 0 
7f98e8c0b000-7f98e8d83000 rw-p 00000000 00:00 0 
7f98e8d83000-7f98e8d84000 ---p 00000000 00:00 0 
7f98e8d84000-7f98e8e84000 rw-p 00000000 00:00 0                          [stack:15773]
7f98e8e84000-7f98e8e85000 ---p 00000000 00:00 0 
7f98e8e85000-7f98e9080000 rw-p 00000000 00:00 0                          [stack:15772]
7f98e9080000-7f98e917a000 rw-p 00000000 00:00 0 
7f98e917a000-7f98e91f8000 rw-p 00000000 00:00 0 
7f98e91f8000-7f98e9203000 rw-p 00000000 00:00 0 
7f98e9203000-7f98e95b9000 ---p 00000000 00:00 0 
7f98e95b9000-7f98e95d3000 r-xp 00000000 08:06 732492                     /home/arne/jdk1.8.0_65/jre/lib/amd64/libzip.so
7f98e95d3000-7f98e97d3000 ---p 0001a000 08:06 732492                     /home/arne/jdk1.8.0_65/jre/lib/amd64/libzip.so
7f98e97d3000-7f98e97d4000 rw-p 0001a000 08:06 732492                     /home/arne/jdk1.8.0_65/jre/lib/amd64/libzip.so
7f98e97d4000-7f98e97dd000 r-xp 00000000 08:06 303123                     /home/arne/netbeans-8.0.2/profiler/lib/deployed/jdk16/linux-amd64/libprofilerinterface.so
7f98e97dd000-7f98e98dd000 ---p 00009000 08:06 303123                     /home/arne/netbeans-8.0.2/profiler/lib/deployed/jdk16/linux-amd64/libprofilerinterface.so
7f98e98dd000-7f98e98de000 rw-p 00009000 08:06 303123                     /home/arne/netbeans-8.0.2/profiler/lib/deployed/jdk16/linux-amd64/libprofilerinterface.so
7f98e98de000-7f98e9908000 r-xp 00000000 08:06 732485                     /home/arne/jdk1.8.0_65/jre/lib/amd64/libjava.so
7f98e9908000-7f98e9b08000 ---p 0002a000 08:06 732485                     /home/arne/jdk1.8.0_65/jre/lib/amd64/libjava.so
7f98e9b08000-7f98e9b0a000 rw-p 0002a000 08:06 732485                     /home/arne/jdk1.8.0_65/jre/lib/amd64/libjava.so
7f98e9b0a000-7f98e9b17000 r-xp 00000000 08:06 1524                       /home/arne/jdk1.8.0_65/jre/lib/amd64/libverify.so
7f98e9b17000-7f98e9d17000 ---p 0000d000 08:06 1524                       /home/arne/jdk1.8.0_65/jre/lib/amd64/libverify.so
7f98e9d17000-7f98e9d19000 rw-p 0000d000 08:06 1524                       /home/arne/jdk1.8.0_65/jre/lib/amd64/libverify.so
7f98e9d19000-7f98e9d20000 r-xp 00000000 00:20 189722                     /lib64/librt-2.19.so
7f98e9d20000-7f98e9f1f000 ---p 00007000 00:20 189722                     /lib64/librt-2.19.so
7f98e9f1f000-7f98e9f20000 r--p 00006000 00:20 189722                     /lib64/librt-2.19.so
7f98e9f20000-7f98e9f21000 rw-p 00007000 00:20 189722                     /lib64/librt-2.19.so
7f98e9f21000-7f98ea021000 r-xp 00000000 00:20 189698                     /lib64/libm-2.19.so
7f98ea021000-7f98ea220000 ---p 00100000 00:20 189698                     /lib64/libm-2.19.so
7f98ea220000-7f98ea221000 r--p 000ff000 00:20 189698                     /lib64/libm-2.19.so
7f98ea221000-7f98ea222000 rw-p 00100000 00:20 189698                     /lib64/libm-2.19.so
7f98ea222000-7f98eaee0000 r-xp 00000000 08:06 1474                       /home/arne/jdk1.8.0_65/jre/lib/amd64/server/libjvm.so
7f98eaee0000-7f98eb0df000 ---p 00cbe000 08:06 1474                       /home/arne/jdk1.8.0_65/jre/lib/amd64/server/libjvm.so
7f98eb0df000-7f98eb1b7000 rw-p 00cbd000 08:06 1474                       /home/arne/jdk1.8.0_65/jre/lib/amd64/server/libjvm.so
7f98eb1b7000-7f98eb1fc000 rw-p 00000000 00:00 0 
7f98eb1fc000-7f98eb39a000 r-xp 00000000 00:20 189690                     /lib64/libc-2.19.so
7f98eb39a000-7f98eb599000 ---p 0019e000 00:20 189690                     /lib64/libc-2.19.so
7f98eb599000-7f98eb59d000 r--p 0019d000 00:20 189690                     /lib64/libc-2.19.so
7f98eb59d000-7f98eb59f000 rw-p 001a1000 00:20 189690                     /lib64/libc-2.19.so
7f98eb59f000-7f98eb5a3000 rw-p 00000000 00:00 0 
7f98eb5a3000-7f98eb5a6000 r-xp 00000000 00:20 189696                     /lib64/libdl-2.19.so
7f98eb5a6000-7f98eb7a5000 ---p 00003000 00:20 189696                     /lib64/libdl-2.19.so
7f98eb7a5000-7f98eb7a6000 r--p 00002000 00:20 189696                     /lib64/libdl-2.19.so
7f98eb7a6000-7f98eb7a7000 rw-p 00003000 00:20 189696                     /lib64/libdl-2.19.so
7f98eb7a7000-7f98eb7bc000 r-xp 00000000 08:06 201601607                  /home/arne/jdk1.8.0_65/lib/amd64/jli/libjli.so
7f98eb7bc000-7f98eb9bc000 ---p 00015000 08:06 201601607                  /home/arne/jdk1.8.0_65/lib/amd64/jli/libjli.so
7f98eb9bc000-7f98eb9bd000 rw-p 00015000 08:06 201601607                  /home/arne/jdk1.8.0_65/lib/amd64/jli/libjli.so
7f98eb9bd000-7f98eb9d5000 r-xp 00000000 00:20 189718                     /lib64/libpthread-2.19.so
7f98eb9d5000-7f98ebbd4000 ---p 00018000 00:20 189718                     /lib64/libpthread-2.19.so
7f98ebbd4000-7f98ebbd5000 r--p 00017000 00:20 189718                     /lib64/libpthread-2.19.so
7f98ebbd5000-7f98ebbd6000 rw-p 00018000 00:20 189718                     /lib64/libpthread-2.19.so
7f98ebbd6000-7f98ebbda000 rw-p 00000000 00:00 0 
7f98ebbda000-7f98ebbfa000 r-xp 00000000 00:20 189683                     /lib64/ld-2.19.so
7f98ebbfd000-7f98ebbfe000 rw-p 00000000 00:00 0 
7f98ebbfe000-7f98ebc08000 r--s 000e7000 08:06 207360570                  /home/arne/Lib/mysql-connector-java-5.1.38-bin.jar
7f98ebc08000-7f98ebc0b000 r--s 0001d000 08:06 68265940                   /home/arne/Lib/commons-cli-2.0.jar
7f98ebc0b000-7f98ebc0c000 r--s 00004000 08:06 67487868                   /home/arne/netbeans-8.0.2/profiler/lib/jfluid-server-15.jar
7f98ebc0c000-7f98ebc0d000 r--s 00004000 08:06 67487868                   /home/arne/netbeans-8.0.2/profiler/lib/jfluid-server-15.jar
7f98ebc0d000-7f98ebc11000 r--s 0005f000 08:06 67487869                   /home/arne/netbeans-8.0.2/profiler/lib/jfluid-server.jar
7f98ebc11000-7f98ebc12000 r--p 00000000 00:20 206525                     /usr/lib/locale/en_US.utf8/LC_NUMERIC
7f98ebc12000-7f98ebc13000 r--p 00000000 00:20 204613                     /usr/lib/locale/en_US.utf8/LC_TIME
7f98ebc13000-7f98ebc14000 r--p 00000000 00:20 204612                     /usr/lib/locale/en_US.utf8/LC_MONETARY
7f98ebc14000-7f98ebc15000 r--p 00000000 00:20 206747                     /usr/lib/locale/en_US.utf8/LC_MESSAGES/SYS_LC_MESSAGES
7f98ebc15000-7f98ebc16000 r--p 00000000 00:20 206700                     /usr/lib/locale/en_US.utf8/LC_PAPER
7f98ebc16000-7f98ebc17000 r--p 00000000 00:20 206647                     /usr/lib/locale/en_US.utf8/LC_NAME
7f98ebc17000-7f98ebc18000 r--p 00000000 00:20 204610                     /usr/lib/locale/en_US.utf8/LC_ADDRESS
7f98ebc18000-7f98ebc19000 r--p 00000000 00:20 206748                     /usr/lib/locale/en_US.utf8/LC_TELEPHONE
7f98ebc19000-7f98ebc1a000 r--p 00000000 00:20 206746                     /usr/lib/locale/en_US.utf8/LC_MEASUREMENT
7f98ebc1a000-7f98ebc9d000 rw-p 00000000 00:00 0 
7f98ebc9d000-7f98ebcd2000 r--s 00000000 00:11 16490                      /run/nscd/passwd
7f98ebcd2000-7f98ebcd5000 ---p 00000000 00:00 0 
7f98ebcd5000-7f98ebdd7000 rw-p 00000000 00:00 0                          [stack:15771]
7f98ebdd7000-7f98ebdde000 r--s 00000000 00:20 206911                     /usr/lib64/gconv/gconv-modules.cache
7f98ebdde000-7f98ebddf000 r--p 00000000 00:20 204611                     /usr/lib/locale/en_US.utf8/LC_IDENTIFICATION
7f98ebddf000-7f98ebdee000 rw-p 00000000 00:00 0 
7f98ebdee000-7f98ebdf6000 rw-s 00000000 00:2d 59856                      /tmp/hsperfdata_arne/15767
7f98ebdf6000-7f98ebdf8000 rw-p 00000000 00:00 0 
7f98ebdf8000-7f98ebdf9000 ---p 00000000 00:00 0 
7f98ebdf9000-7f98ebdfa000 rw-p 00000000 00:00 0 
7f98ebdfa000-7f98ebdfb000 r--p 00020000 00:20 189683                     /lib64/ld-2.19.so
7f98ebdfb000-7f98ebdfc000 rw-p 00021000 00:20 189683                     /lib64/ld-2.19.so
7f98ebdfc000-7f98ebdfd000 rw-p 00000000 00:00 0 
7ffc54a3e000-7ffc54a5f000 rw-p 00000000 00:00 0                          [stack]
7ffc54b17000-7ffc54b19000 r-xp 00000000 00:00 0                          [vdso]
7ffc54b19000-7ffc54b1b000 r--p 00000000 00:00 0                          [vvar]
ffffffffff600000-ffffffffff601000 r-xp 00000000 00:00 0                  [vsyscall]

VM Arguments:
jvm_args: -Dfile.encoding=UTF-8 -agentpath:/home/arne/netbeans-8.0.2/profiler/lib/deployed/jdk16/linux-amd64/libprofilerinterface.so=/home/arne/netbeans-8.0.2/profiler/lib,5140,10 -XX:+HeapDumpOnOutOfMemoryError -XX:HeapDumpPath=/home/arne/NetBeansProjects/ProQu/nbproject/private/profiler 
java_command: proqu.ProQu -p /home/arne/Documents/ProteinDatabases/uniprot_human_new.fasta -s /home/arne/Documents/COPD1/ -c /home/arne/Documents/COPD1/ -a 4 -f /home/arne/Documents/ProteinDatabases/useast_homo_sapiens_core_84_38_dump.tsv -g -m 3 -d 1 -e 6
java_class_path (initial): /home/arne/Lib/commons-cli-2.0.jar:/home/arne/Lib/mysql-connector-java-5.1.38-bin.jar:/home/arne/NetBeansProjects/ProteinDigester/build/classes:/home/arne/NetBeansProjects/ProQu/build/classes
Launcher Type: SUN_STANDARD

Environment Variables:
JAVA_HOME=/usr/lib64/jvm/java-1.7.0-openjdk-1.7.0
JRE_HOME=/usr/lib64/jvm/java/jre
PATH=/home/arne/bin:/usr/local/bin:/usr/bin:/bin:/usr/bin/X11:/usr/games:/usr/lib64/jvm/java-1.7.0-openjdk-1.7.0/bin:/usr/lib64/jvm/java-1.7.0-openjdk-1.7.0/bin
LD_LIBRARY_PATH=/home/arne/jdk1.8.0_65/jre/lib/amd64:/home/arne/jdk1.8.0_65/jre/lib/i386:
SHELL=/bin/bash
DISPLAY=:0
HOSTTYPE=x86_64
OSTYPE=linux
MACHTYPE=x86_64-suse-linux

Signal Handlers:
SIGSEGV: [libjvm.so+0xaba070], sa_mask[0]=11111111011111111101111111111110, sa_flags=SA_RESTART|SA_SIGINFO
SIGBUS: [libjvm.so+0xaba070], sa_mask[0]=11111111011111111101111111111110, sa_flags=SA_RESTART|SA_SIGINFO
SIGFPE: [libjvm.so+0x917630], sa_mask[0]=11111111011111111101111111111110, sa_flags=SA_RESTART|SA_SIGINFO
SIGPIPE: [libjvm.so+0x917630], sa_mask[0]=11111111011111111101111111111110, sa_flags=SA_RESTART|SA_SIGINFO
SIGXFSZ: [libjvm.so+0x917630], sa_mask[0]=11111111011111111101111111111110, sa_flags=SA_RESTART|SA_SIGINFO
SIGILL: [libjvm.so+0x917630], sa_mask[0]=11111111011111111101111111111110, sa_flags=SA_RESTART|SA_SIGINFO
SIGUSR1: SIG_DFL, sa_mask[0]=00000000000000000000000000000000, sa_flags=none
SIGUSR2: [libjvm.so+0x918c60], sa_mask[0]=00100000000000000000000000000000, sa_flags=SA_RESTART|SA_SIGINFO
SIGHUP: [libjvm.so+0x91a060], sa_mask[0]=11111111011111111101111111111110, sa_flags=SA_RESTART|SA_SIGINFO
SIGINT: SIG_IGN, sa_mask[0]=00000000000000000000000000000000, sa_flags=none
SIGTERM: [libjvm.so+0x91a060], sa_mask[0]=11111111011111111101111111111110, sa_flags=SA_RESTART|SA_SIGINFO
SIGQUIT: [libjvm.so+0x91a060], sa_mask[0]=11111111011111111101111111111110, sa_flags=SA_RESTART|SA_SIGINFO


---------------  S Y S T E M  ---------------

OS:openSUSE 13.2 (x86_64)
VERSION = 13.2
CODENAME = Harlequin
# /etc/SuSE-release is deprecated and will be removed in the future, use /etc/os-release instead

uname:Linux 3.16.7-32-desktop #1 SMP PREEMPT Wed Jan 20 14:05:33 UTC 2016 (d4df98a) x86_64
libc:glibc 2.19 NPTL 2.19 
rlimit: STACK 8192k, CORE 0k, NPROC 11976, NOFILE 4096, AS infinity
load average:2.08 1.67 1.34

/proc/meminfo:
MemTotal:        3079584 kB
MemFree:          170844 kB
MemAvailable:     714408 kB
Buffers:               8 kB
Cached:           754996 kB
SwapCached:        30576 kB
Active:          2027284 kB
Inactive:         693660 kB
Active(anon):    1570232 kB
Inactive(anon):   532056 kB
Active(file):     457052 kB
Inactive(file):   161604 kB
Unevictable:          80 kB
Mlocked:              80 kB
SwapTotal:       6289404 kB
SwapFree:        5956636 kB
Dirty:                92 kB
Writeback:             0 kB
AnonPages:       1958356 kB
Mapped:            83288 kB
Shmem:            136332 kB
Slab:             106268 kB
SReclaimable:      75064 kB
SUnreclaim:        31204 kB
KernelStack:        5488 kB
PageTables:        27204 kB
NFS_Unstable:          0 kB
Bounce:                0 kB
WritebackTmp:          0 kB
CommitLimit:     7829196 kB
Committed_AS:    3562880 kB
VmallocTotal:   34359738367 kB
VmallocUsed:      357024 kB
VmallocChunk:   34359369728 kB
HardwareCorrupted:     0 kB
AnonHugePages:    827392 kB
HugePages_Total:       0
HugePages_Free:        0
HugePages_Rsvd:        0
HugePages_Surp:        0
Hugepagesize:       2048 kB
DirectMap4k:       83652 kB
DirectMap2M:     3053568 kB


CPU:total 2 (2 cores per cpu, 1 threads per core) family 6 model 15 stepping 2, cmov, cx8, fxsr, mmx, sse, sse2, sse3, ssse3, tsc

/proc/cpuinfo:
processor	: 0
vendor_id	: GenuineIntel
cpu family	: 6
model		: 15
model name	: Genuine Intel(R) CPU            2160  @ 1.80GHz
stepping	: 2
microcode	: 0x5d
cpu MHz		: 1800.000
cache size	: 1024 KB
physical id	: 0
siblings	: 2
core id		: 0
cpu cores	: 2
apicid		: 0
initial apicid	: 0
fpu		: yes
fpu_exception	: yes
cpuid level	: 10
wp		: yes
flags		: fpu vme de pse tsc msr pae mce cx8 apic sep mtrr pge mca cmov pat pse36 clflush dts acpi mmx fxsr sse sse2 ss ht tm pbe syscall nx lm constant_tsc arch_perfmon pebs bts rep_good nopl aperfmperf pni dtes64 monitor ds_cpl est tm2 ssse3 cx16 xtpr pdcm lahf_lm dtherm
bogomips	: 3591.07
clflush size	: 64
cache_alignment	: 64
address sizes	: 36 bits physical, 48 bits virtual
power management:

processor	: 1
vendor_id	: GenuineIntel
cpu family	: 6
model		: 15
model name	: Genuine Intel(R) CPU            2160  @ 1.80GHz
stepping	: 2
microcode	: 0x5d
cpu MHz		: 1200.000
cache size	: 1024 KB
physical id	: 0
siblings	: 2
core id		: 1
cpu cores	: 2
apicid		: 1
initial apicid	: 1
fpu		: yes
fpu_exception	: yes
cpuid level	: 10
wp		: yes
flags		: fpu vme de pse tsc msr pae mce cx8 apic sep mtrr pge mca cmov pat pse36 clflush dts acpi mmx fxsr sse sse2 ss ht tm pbe syscall nx lm constant_tsc arch_perfmon pebs bts rep_good nopl aperfmperf pni dtes64 monitor ds_cpl est tm2 ssse3 cx16 xtpr pdcm lahf_lm dtherm
bogomips	: 3591.07
clflush size	: 64
cache_alignment	: 64
address sizes	: 36 bits physical, 48 bits virtual
power management:



Memory: 4k page, physical 3079584k(170844k free), swap 6289404k(5956636k free)

vm_info: Java HotSpot(TM) 64-Bit Server VM (25.65-b01) for linux-amd64 JRE (1.8.0_65-b17), built on Oct  6 2015 17:16:12 by "java_re" with gcc 4.3.0 20080428 (Red Hat 4.3.0-8)

time: Thu Apr  7 11:24:56 2016
elapsed time: 140 seconds (0d 0h 2m 20s)

